{"C:\\Development\\Rocketseat\\Bootcamp\\GoBarber\\frontend\\src\\components\\Button\\index.tsx": {"path":"C:\\Development\\Rocketseat\\Bootcamp\\GoBarber\\frontend\\src\\components\\Button\\index.tsx","statementMap":{"0":{"start":{"line":9,"column":38},"end":{"line":19,"column":1}},"1":{"start":{"line":10,"column":2},"end":{"line":18,"column":14}}},"fnMap":{"0":{"name":"(anonymous_0)","decl":{"start":{"line":9,"column":38},"end":{"line":9,"column":39}},"loc":{"start":{"line":10,"column":2},"end":{"line":18,"column":14}},"line":10}},"branchMap":{"0":{"loc":{"start":{"line":17,"column":5},"end":{"line":17,"column":46}},"type":"cond-expr","locations":[{"start":{"line":17,"column":15},"end":{"line":17,"column":35}},{"start":{"line":17,"column":38},"end":{"line":17,"column":46}}],"line":17}},"s":{"0":6,"1":40},"f":{"0":40},"b":{"0":[4,36]},"_coverageSchema":"43e27e138ebf9cfc5966b082cf9a028302ed4184","hash":"89c6e999511b3374d6884b5795e767430f0fdb5d"}
,"C:\\Development\\Rocketseat\\Bootcamp\\GoBarber\\frontend\\src\\components\\Input\\index.tsx": {"path":"C:\\Development\\Rocketseat\\Bootcamp\\GoBarber\\frontend\\src\\components\\Input\\index.tsx","statementMap":{"0":{"start":{"line":20,"column":36},"end":{"line":75,"column":1}},"1":{"start":{"line":26,"column":36},"end":{"line":26,"column":51}},"2":{"start":{"line":27,"column":34},"end":{"line":27,"column":49}},"3":{"start":{"line":29,"column":19},"end":{"line":29,"column":49}},"4":{"start":{"line":30,"column":60},"end":{"line":30,"column":74}},"5":{"start":{"line":32,"column":24},"end":{"line":34,"column":8}},"6":{"start":{"line":33,"column":4},"end":{"line":33,"column":23}},"7":{"start":{"line":36,"column":23},"end":{"line":42,"column":8}},"8":{"start":{"line":37,"column":4},"end":{"line":37,"column":24}},"9":{"start":{"line":40,"column":6},"end":{"line":40,"column":45}},"10":{"start":{"line":44,"column":2},"end":{"line":50,"column":33}},"11":{"start":{"line":45,"column":4},"end":{"line":49,"column":7}},"12":{"start":{"line":52,"column":2},"end":{"line":74,"column":4}}},"fnMap":{"0":{"name":"(anonymous_0)","decl":{"start":{"line":20,"column":36},"end":{"line":20,"column":37}},"loc":{"start":{"line":25,"column":6},"end":{"line":75,"column":1}},"line":25},"1":{"name":"(anonymous_1)","decl":{"start":{"line":32,"column":36},"end":{"line":32,"column":37}},"loc":{"start":{"line":32,"column":42},"end":{"line":34,"column":3}},"line":32},"2":{"name":"(anonymous_2)","decl":{"start":{"line":36,"column":35},"end":{"line":36,"column":36}},"loc":{"start":{"line":36,"column":41},"end":{"line":42,"column":3}},"line":36},"3":{"name":"(anonymous_3)","decl":{"start":{"line":44,"column":12},"end":{"line":44,"column":13}},"loc":{"start":{"line":44,"column":18},"end":{"line":50,"column":3}},"line":44}},"branchMap":{"0":{"loc":{"start":{"line":23,"column":2},"end":{"line":23,"column":13}},"type":"default-arg","locations":[{"start":{"line":23,"column":11},"end":{"line":23,"column":13}}],"line":23},"1":{"loc":{"start":{"line":60,"column":7},"end":{"line":60,"column":58}},"type":"binary-expr","locations":[{"start":{"line":60,"column":7},"end":{"line":60,"column":11}},{"start":{"line":60,"column":15},"end":{"line":60,"column":58}}],"line":60},"2":{"loc":{"start":{"line":68,"column":7},"end":{"line":72,"column":7}},"type":"binary-expr","locations":[{"start":{"line":68,"column":7},"end":{"line":68,"column":12}},{"start":{"line":69,"column":8},"end":{"line":71,"column":16}}],"line":68}},"s":{"0":6,"1":286,"2":286,"3":286,"4":286,"5":286,"6":33,"7":286,"8":2,"9":2,"10":286,"11":112,"12":286},"f":{"0":286,"1":33,"2":2,"3":112},"b":{"0":[258],"1":[286,282],"2":[286,16]},"_coverageSchema":"43e27e138ebf9cfc5966b082cf9a028302ed4184","hash":"05a415b322a32b9b360865a304a95f37ec809514"}
,"C:\\Development\\Rocketseat\\Bootcamp\\GoBarber\\frontend\\src\\components\\ToastContainer\\index.tsx": {"path":"C:\\Development\\Rocketseat\\Bootcamp\\GoBarber\\frontend\\src\\components\\ToastContainer\\index.tsx","statementMap":{"0":{"start":{"line":13,"column":54},"end":{"line":31,"column":1}},"1":{"start":{"line":14,"column":34},"end":{"line":22,"column":3}},"2":{"start":{"line":16,"column":17},"end":{"line":16,"column":27}},"3":{"start":{"line":24,"column":2},"end":{"line":30,"column":4}},"4":{"start":{"line":27,"column":8},"end":{"line":27,"column":62}}},"fnMap":{"0":{"name":"(anonymous_0)","decl":{"start":{"line":13,"column":54},"end":{"line":13,"column":55}},"loc":{"start":{"line":13,"column":72},"end":{"line":31,"column":1}},"line":13},"1":{"name":"(anonymous_1)","decl":{"start":{"line":16,"column":4},"end":{"line":16,"column":5}},"loc":{"start":{"line":16,"column":17},"end":{"line":16,"column":27}},"line":16},"2":{"name":"(anonymous_2)","decl":{"start":{"line":26,"column":35},"end":{"line":26,"column":36}},"loc":{"start":{"line":27,"column":8},"end":{"line":27,"column":62}},"line":27}},"branchMap":{},"s":{"0":2,"1":8,"2":9,"3":8,"4":5},"f":{"0":8,"1":9,"2":5},"b":{},"_coverageSchema":"43e27e138ebf9cfc5966b082cf9a028302ed4184","hash":"359c5061c1b800a179ce7435a31e5c511295eee7"}
,"C:\\Development\\Rocketseat\\Bootcamp\\GoBarber\\frontend\\src\\components\\ToastContainer\\Toast\\index.tsx": {"path":"C:\\Development\\Rocketseat\\Bootcamp\\GoBarber\\frontend\\src\\components\\ToastContainer\\Toast\\index.tsx","statementMap":{"0":{"start":{"line":13,"column":14},"end":{"line":17,"column":1}},"1":{"start":{"line":19,"column":36},"end":{"line":53,"column":1}},"2":{"start":{"line":20,"column":26},"end":{"line":20,"column":36}},"3":{"start":{"line":22,"column":2},"end":{"line":29,"column":32}},"4":{"start":{"line":23,"column":18},"end":{"line":25,"column":12}},"5":{"start":{"line":24,"column":6},"end":{"line":24,"column":30}},"6":{"start":{"line":26,"column":4},"end":{"line":28,"column":6}},"7":{"start":{"line":27,"column":6},"end":{"line":27,"column":26}},"8":{"start":{"line":31,"column":2},"end":{"line":52,"column":4}},"9":{"start":{"line":47,"column":23},"end":{"line":47,"column":46}}},"fnMap":{"0":{"name":"(anonymous_0)","decl":{"start":{"line":19,"column":36},"end":{"line":19,"column":37}},"loc":{"start":{"line":19,"column":60},"end":{"line":53,"column":1}},"line":19},"1":{"name":"(anonymous_1)","decl":{"start":{"line":22,"column":12},"end":{"line":22,"column":13}},"loc":{"start":{"line":22,"column":18},"end":{"line":29,"column":3}},"line":22},"2":{"name":"(anonymous_2)","decl":{"start":{"line":23,"column":29},"end":{"line":23,"column":30}},"loc":{"start":{"line":23,"column":35},"end":{"line":25,"column":5}},"line":23},"3":{"name":"(anonymous_3)","decl":{"start":{"line":26,"column":11},"end":{"line":26,"column":12}},"loc":{"start":{"line":26,"column":17},"end":{"line":28,"column":5}},"line":26},"4":{"name":"(anonymous_4)","decl":{"start":{"line":47,"column":17},"end":{"line":47,"column":18}},"loc":{"start":{"line":47,"column":23},"end":{"line":47,"column":46}},"line":47}},"branchMap":{"0":{"loc":{"start":{"line":38,"column":13},"end":{"line":38,"column":35}},"type":"binary-expr","locations":[{"start":{"line":38,"column":13},"end":{"line":38,"column":25}},{"start":{"line":38,"column":29},"end":{"line":38,"column":35}}],"line":38},"1":{"loc":{"start":{"line":41,"column":9},"end":{"line":43,"column":9}},"type":"binary-expr","locations":[{"start":{"line":41,"column":9},"end":{"line":41,"column":28}},{"start":{"line":42,"column":10},"end":{"line":42,"column":70}}],"line":41}},"s":{"0":3,"1":3,"2":9,"3":9,"4":8,"5":1,"6":8,"7":8,"8":9,"9":1},"f":{"0":9,"1":8,"2":1,"3":8,"4":1},"b":{"0":[9,6],"1":[9,4]},"_coverageSchema":"43e27e138ebf9cfc5966b082cf9a028302ed4184","hash":"4868078cc5046e57890e8c7c0d336b45d3cd5606"}
,"C:\\Development\\Rocketseat\\Bootcamp\\GoBarber\\frontend\\src\\components\\Tooltip\\index.tsx": {"path":"C:\\Development\\Rocketseat\\Bootcamp\\GoBarber\\frontend\\src\\components\\Tooltip\\index.tsx","statementMap":{"0":{"start":{"line":10,"column":40},"end":{"line":17,"column":1}},"1":{"start":{"line":11,"column":2},"end":{"line":16,"column":4}}},"fnMap":{"0":{"name":"(anonymous_0)","decl":{"start":{"line":10,"column":40},"end":{"line":10,"column":41}},"loc":{"start":{"line":10,"column":76},"end":{"line":17,"column":1}},"line":10}},"branchMap":{},"s":{"0":6,"1":16},"f":{"0":16},"b":{},"_coverageSchema":"43e27e138ebf9cfc5966b082cf9a028302ed4184","hash":"71e0f3b423415aeba9ae655e2062b75879db7a4a"}
,"C:\\Development\\Rocketseat\\Bootcamp\\GoBarber\\frontend\\src\\hooks\\auth.tsx": {"path":"C:\\Development\\Rocketseat\\Bootcamp\\GoBarber\\frontend\\src\\hooks\\auth.tsx","statementMap":{"0":{"start":{"line":28,"column":20},"end":{"line":28,"column":73}},"1":{"start":{"line":30,"column":38},"end":{"line":86,"column":1}},"2":{"start":{"line":31,"column":26},"end":{"line":42,"column":4}},"3":{"start":{"line":32,"column":18},"end":{"line":32,"column":57}},"4":{"start":{"line":33,"column":17},"end":{"line":33,"column":55}},"5":{"start":{"line":35,"column":4},"end":{"line":39,"column":5}},"6":{"start":{"line":36,"column":6},"end":{"line":36,"column":61}},"7":{"start":{"line":38,"column":6},"end":{"line":38,"column":47}},"8":{"start":{"line":41,"column":4},"end":{"line":41,"column":27}},"9":{"start":{"line":44,"column":17},"end":{"line":58,"column":8}},"10":{"start":{"line":45,"column":21},"end":{"line":48,"column":6}},"11":{"start":{"line":50,"column":28},"end":{"line":50,"column":41}},"12":{"start":{"line":52,"column":4},"end":{"line":52,"column":51}},"13":{"start":{"line":53,"column":4},"end":{"line":53,"column":65}},"14":{"start":{"line":55,"column":4},"end":{"line":55,"column":59}},"15":{"start":{"line":57,"column":4},"end":{"line":57,"column":29}},"16":{"start":{"line":60,"column":18},"end":{"line":65,"column":8}},"17":{"start":{"line":61,"column":4},"end":{"line":61,"column":47}},"18":{"start":{"line":62,"column":4},"end":{"line":62,"column":46}},"19":{"start":{"line":64,"column":4},"end":{"line":64,"column":29}},"20":{"start":{"line":67,"column":21},"end":{"line":77,"column":3}},"21":{"start":{"line":69,"column":6},"end":{"line":72,"column":9}},"22":{"start":{"line":74,"column":6},"end":{"line":74,"column":67}},"23":{"start":{"line":79,"column":2},"end":{"line":85,"column":4}},"24":{"start":{"line":89,"column":18},"end":{"line":89,"column":41}},"25":{"start":{"line":91,"column":2},"end":{"line":91,"column":17}}},"fnMap":{"0":{"name":"(anonymous_0)","decl":{"start":{"line":30,"column":38},"end":{"line":30,"column":39}},"loc":{"start":{"line":30,"column":56},"end":{"line":86,"column":1}},"line":30},"1":{"name":"(anonymous_1)","decl":{"start":{"line":31,"column":46},"end":{"line":31,"column":47}},"loc":{"start":{"line":31,"column":52},"end":{"line":42,"column":3}},"line":31},"2":{"name":"(anonymous_2)","decl":{"start":{"line":44,"column":29},"end":{"line":44,"column":30}},"loc":{"start":{"line":44,"column":60},"end":{"line":58,"column":3}},"line":44},"3":{"name":"(anonymous_3)","decl":{"start":{"line":60,"column":30},"end":{"line":60,"column":31}},"loc":{"start":{"line":60,"column":36},"end":{"line":65,"column":3}},"line":60},"4":{"name":"(anonymous_4)","decl":{"start":{"line":68,"column":4},"end":{"line":68,"column":5}},"loc":{"start":{"line":68,"column":20},"end":{"line":75,"column":5}},"line":68},"5":{"name":"useAuth","decl":{"start":{"line":88,"column":16},"end":{"line":88,"column":23}},"loc":{"start":{"line":88,"column":43},"end":{"line":92,"column":1}},"line":88}},"branchMap":{"0":{"loc":{"start":{"line":35,"column":4},"end":{"line":39,"column":5}},"type":"if","locations":[{"start":{"line":35,"column":4},"end":{"line":39,"column":5}},{"start":{"line":35,"column":4},"end":{"line":39,"column":5}}],"line":35},"1":{"loc":{"start":{"line":35,"column":8},"end":{"line":35,"column":21}},"type":"binary-expr","locations":[{"start":{"line":35,"column":8},"end":{"line":35,"column":13}},{"start":{"line":35,"column":17},"end":{"line":35,"column":21}}],"line":35}},"s":{"0":1,"1":1,"2":7,"3":4,"4":4,"5":4,"6":3,"7":3,"8":1,"9":7,"10":1,"11":1,"12":1,"13":1,"14":1,"15":1,"16":7,"17":1,"18":1,"19":1,"20":7,"21":1,"22":1,"23":7,"24":7,"25":7},"f":{"0":7,"1":4,"2":1,"3":1,"4":1,"5":7},"b":{"0":[3,1],"1":[4,3]},"_coverageSchema":"43e27e138ebf9cfc5966b082cf9a028302ed4184","hash":"4cd72507e93d2d259109bdd809f879aa45c15e6a"}
,"C:\\Development\\Rocketseat\\Bootcamp\\GoBarber\\frontend\\src\\hooks\\toast.tsx": {"path":"C:\\Development\\Rocketseat\\Bootcamp\\GoBarber\\frontend\\src\\hooks\\toast.tsx","statementMap":{"0":{"start":{"line":19,"column":21},"end":{"line":19,"column":76}},"1":{"start":{"line":21,"column":39},"end":{"line":50,"column":1}},"2":{"start":{"line":22,"column":34},"end":{"line":22,"column":62}},"3":{"start":{"line":24,"column":19},"end":{"line":38,"column":3}},"4":{"start":{"line":26,"column":17},"end":{"line":26,"column":23}},"5":{"start":{"line":28,"column":20},"end":{"line":33,"column":7}},"6":{"start":{"line":35,"column":6},"end":{"line":35,"column":48}},"7":{"start":{"line":35,"column":29},"end":{"line":35,"column":46}},"8":{"start":{"line":40,"column":22},"end":{"line":42,"column":8}},"9":{"start":{"line":41,"column":4},"end":{"line":41,"column":73}},"10":{"start":{"line":41,"column":27},"end":{"line":41,"column":71}},"11":{"start":{"line":41,"column":53},"end":{"line":41,"column":70}},"12":{"start":{"line":44,"column":2},"end":{"line":49,"column":4}},"13":{"start":{"line":53,"column":18},"end":{"line":53,"column":42}},"14":{"start":{"line":55,"column":2},"end":{"line":55,"column":17}}},"fnMap":{"0":{"name":"(anonymous_0)","decl":{"start":{"line":21,"column":39},"end":{"line":21,"column":40}},"loc":{"start":{"line":21,"column":57},"end":{"line":50,"column":1}},"line":21},"1":{"name":"(anonymous_1)","decl":{"start":{"line":25,"column":4},"end":{"line":25,"column":5}},"loc":{"start":{"line":25,"column":64},"end":{"line":36,"column":5}},"line":25},"2":{"name":"(anonymous_2)","decl":{"start":{"line":35,"column":18},"end":{"line":35,"column":19}},"loc":{"start":{"line":35,"column":29},"end":{"line":35,"column":46}},"line":35},"3":{"name":"(anonymous_3)","decl":{"start":{"line":40,"column":34},"end":{"line":40,"column":35}},"loc":{"start":{"line":40,"column":50},"end":{"line":42,"column":3}},"line":40},"4":{"name":"(anonymous_4)","decl":{"start":{"line":41,"column":16},"end":{"line":41,"column":17}},"loc":{"start":{"line":41,"column":27},"end":{"line":41,"column":71}},"line":41},"5":{"name":"(anonymous_5)","decl":{"start":{"line":41,"column":40},"end":{"line":41,"column":41}},"loc":{"start":{"line":41,"column":53},"end":{"line":41,"column":70}},"line":41},"6":{"name":"useToast","decl":{"start":{"line":52,"column":16},"end":{"line":52,"column":24}},"loc":{"start":{"line":52,"column":27},"end":{"line":56,"column":1}},"line":52}},"branchMap":{},"s":{"0":2,"1":2,"2":5,"3":5,"4":2,"5":2,"6":2,"7":2,"8":5,"9":1,"10":1,"11":1,"12":5,"13":10,"14":10},"f":{"0":5,"1":2,"2":2,"3":1,"4":1,"5":1,"6":10},"b":{},"_coverageSchema":"43e27e138ebf9cfc5966b082cf9a028302ed4184","hash":"2442862384594a9e342eb7e2d8020a894c6e7d90"}
,"C:\\Development\\Rocketseat\\Bootcamp\\GoBarber\\frontend\\src\\pages\\Dashboard\\index.tsx": {"path":"C:\\Development\\Rocketseat\\Bootcamp\\GoBarber\\frontend\\src\\pages\\Dashboard\\index.tsx","statementMap":{"0":{"start":{"line":43,"column":28},"end":{"line":287,"column":1}},"1":{"start":{"line":45,"column":42},"end":{"line":45,"column":62}},"2":{"start":{"line":47,"column":42},"end":{"line":47,"column":62}},"3":{"start":{"line":49,"column":52},"end":{"line":51,"column":7}},"4":{"start":{"line":53,"column":42},"end":{"line":53,"column":73}},"5":{"start":{"line":55,"column":28},"end":{"line":55,"column":37}},"6":{"start":{"line":58,"column":27},"end":{"line":62,"column":8}},"7":{"start":{"line":59,"column":4},"end":{"line":61,"column":5}},"8":{"start":{"line":60,"column":6},"end":{"line":60,"column":27}},"9":{"start":{"line":65,"column":28},"end":{"line":67,"column":8}},"10":{"start":{"line":66,"column":4},"end":{"line":66,"column":27}},"11":{"start":{"line":70,"column":2},"end":{"line":81,"column":30}},"12":{"start":{"line":71,"column":4},"end":{"line":80,"column":9}},"13":{"start":{"line":79,"column":8},"end":{"line":79,"column":44}},"14":{"start":{"line":84,"column":2},"end":{"line":109,"column":21}},"15":{"start":{"line":85,"column":4},"end":{"line":108,"column":9}},"16":{"start":{"line":94,"column":34},"end":{"line":105,"column":12}},"17":{"start":{"line":96,"column":12},"end":{"line":99,"column":14}},"18":{"start":{"line":102,"column":12},"end":{"line":102,"column":43}},"19":{"start":{"line":102,"column":33},"end":{"line":102,"column":43}},"20":{"start":{"line":103,"column":12},"end":{"line":103,"column":42}},"21":{"start":{"line":103,"column":33},"end":{"line":103,"column":42}},"22":{"start":{"line":104,"column":12},"end":{"line":104,"column":21}},"23":{"start":{"line":107,"column":8},"end":{"line":107,"column":43}},"24":{"start":{"line":112,"column":23},"end":{"line":122,"column":39}},"25":{"start":{"line":113,"column":18},"end":{"line":119,"column":8}},"26":{"start":{"line":114,"column":28},"end":{"line":114,"column":56}},"27":{"start":{"line":116,"column":21},"end":{"line":116,"column":47}},"28":{"start":{"line":117,"column":22},"end":{"line":117,"column":45}},"29":{"start":{"line":118,"column":8},"end":{"line":118,"column":51}},"30":{"start":{"line":121,"column":4},"end":{"line":121,"column":17}},"31":{"start":{"line":125,"column":22},"end":{"line":129,"column":20}},"32":{"start":{"line":126,"column":4},"end":{"line":128,"column":7}},"33":{"start":{"line":132,"column":28},"end":{"line":141,"column":20}},"34":{"start":{"line":133,"column":22},"end":{"line":135,"column":6}},"35":{"start":{"line":137,"column":33},"end":{"line":137,"column":66}},"36":{"start":{"line":138,"column":37},"end":{"line":138,"column":55}},"37":{"start":{"line":140,"column":4},"end":{"line":140,"column":70}},"38":{"start":{"line":144,"column":30},"end":{"line":148,"column":20}},"39":{"start":{"line":145,"column":4},"end":{"line":147,"column":7}},"40":{"start":{"line":146,"column":6},"end":{"line":146,"column":56}},"41":{"start":{"line":151,"column":32},"end":{"line":155,"column":20}},"42":{"start":{"line":152,"column":4},"end":{"line":154,"column":7}},"43":{"start":{"line":153,"column":6},"end":{"line":153,"column":57}},"44":{"start":{"line":158,"column":26},"end":{"line":162,"column":20}},"45":{"start":{"line":159,"column":4},"end":{"line":161,"column":6}},"46":{"start":{"line":160,"column":6},"end":{"line":160,"column":53}},"47":{"start":{"line":164,"column":2},"end":{"line":286,"column":4}},"48":{"start":{"line":217,"column":14},"end":{"line":229,"column":28}},"49":{"start":{"line":240,"column":14},"end":{"line":252,"column":28}}},"fnMap":{"0":{"name":"(anonymous_0)","decl":{"start":{"line":43,"column":28},"end":{"line":43,"column":29}},"loc":{"start":{"line":43,"column":34},"end":{"line":287,"column":1}},"line":43},"1":{"name":"(anonymous_1)","decl":{"start":{"line":58,"column":39},"end":{"line":58,"column":40}},"loc":{"start":{"line":58,"column":79},"end":{"line":62,"column":3}},"line":58},"2":{"name":"(anonymous_2)","decl":{"start":{"line":65,"column":40},"end":{"line":65,"column":41}},"loc":{"start":{"line":65,"column":57},"end":{"line":67,"column":3}},"line":65},"3":{"name":"(anonymous_3)","decl":{"start":{"line":70,"column":12},"end":{"line":70,"column":13}},"loc":{"start":{"line":70,"column":18},"end":{"line":81,"column":3}},"line":70},"4":{"name":"(anonymous_4)","decl":{"start":{"line":78,"column":12},"end":{"line":78,"column":13}},"loc":{"start":{"line":78,"column":26},"end":{"line":80,"column":7}},"line":78},"5":{"name":"(anonymous_5)","decl":{"start":{"line":84,"column":12},"end":{"line":84,"column":13}},"loc":{"start":{"line":84,"column":18},"end":{"line":109,"column":3}},"line":84},"6":{"name":"(anonymous_6)","decl":{"start":{"line":93,"column":12},"end":{"line":93,"column":13}},"loc":{"start":{"line":93,"column":26},"end":{"line":108,"column":7}},"line":93},"7":{"name":"(anonymous_7)","decl":{"start":{"line":95,"column":15},"end":{"line":95,"column":16}},"loc":{"start":{"line":95,"column":32},"end":{"line":100,"column":11}},"line":95},"8":{"name":"(anonymous_8)","decl":{"start":{"line":101,"column":16},"end":{"line":101,"column":17}},"loc":{"start":{"line":101,"column":26},"end":{"line":105,"column":11}},"line":101},"9":{"name":"(anonymous_9)","decl":{"start":{"line":112,"column":31},"end":{"line":112,"column":32}},"loc":{"start":{"line":112,"column":37},"end":{"line":122,"column":3}},"line":112},"10":{"name":"(anonymous_10)","decl":{"start":{"line":114,"column":14},"end":{"line":114,"column":15}},"loc":{"start":{"line":114,"column":28},"end":{"line":114,"column":56}},"line":114},"11":{"name":"(anonymous_11)","decl":{"start":{"line":115,"column":11},"end":{"line":115,"column":12}},"loc":{"start":{"line":115,"column":25},"end":{"line":119,"column":7}},"line":115},"12":{"name":"(anonymous_12)","decl":{"start":{"line":125,"column":30},"end":{"line":125,"column":31}},"loc":{"start":{"line":125,"column":36},"end":{"line":129,"column":3}},"line":125},"13":{"name":"(anonymous_13)","decl":{"start":{"line":132,"column":36},"end":{"line":132,"column":37}},"loc":{"start":{"line":132,"column":42},"end":{"line":141,"column":3}},"line":132},"14":{"name":"(anonymous_14)","decl":{"start":{"line":144,"column":38},"end":{"line":144,"column":39}},"loc":{"start":{"line":144,"column":44},"end":{"line":148,"column":3}},"line":144},"15":{"name":"(anonymous_15)","decl":{"start":{"line":145,"column":31},"end":{"line":145,"column":32}},"loc":{"start":{"line":145,"column":48},"end":{"line":147,"column":5}},"line":145},"16":{"name":"(anonymous_16)","decl":{"start":{"line":151,"column":40},"end":{"line":151,"column":41}},"loc":{"start":{"line":151,"column":46},"end":{"line":155,"column":3}},"line":151},"17":{"name":"(anonymous_17)","decl":{"start":{"line":152,"column":31},"end":{"line":152,"column":32}},"loc":{"start":{"line":152,"column":48},"end":{"line":154,"column":5}},"line":152},"18":{"name":"(anonymous_18)","decl":{"start":{"line":158,"column":34},"end":{"line":158,"column":35}},"loc":{"start":{"line":158,"column":40},"end":{"line":162,"column":3}},"line":158},"19":{"name":"(anonymous_19)","decl":{"start":{"line":159,"column":29},"end":{"line":159,"column":30}},"loc":{"start":{"line":160,"column":6},"end":{"line":160,"column":53}},"line":160},"20":{"name":"(anonymous_20)","decl":{"start":{"line":216,"column":37},"end":{"line":216,"column":38}},"loc":{"start":{"line":217,"column":14},"end":{"line":229,"column":28}},"line":217},"21":{"name":"(anonymous_21)","decl":{"start":{"line":239,"column":39},"end":{"line":239,"column":40}},"loc":{"start":{"line":240,"column":14},"end":{"line":252,"column":28}},"line":240}},"branchMap":{"0":{"loc":{"start":{"line":59,"column":4},"end":{"line":61,"column":5}},"type":"if","locations":[{"start":{"line":59,"column":4},"end":{"line":61,"column":5}},{"start":{"line":59,"column":4},"end":{"line":61,"column":5}}],"line":59},"1":{"loc":{"start":{"line":59,"column":8},"end":{"line":59,"column":50}},"type":"binary-expr","locations":[{"start":{"line":59,"column":8},"end":{"line":59,"column":27}},{"start":{"line":59,"column":31},"end":{"line":59,"column":50}}],"line":59},"2":{"loc":{"start":{"line":102,"column":12},"end":{"line":102,"column":43}},"type":"if","locations":[{"start":{"line":102,"column":12},"end":{"line":102,"column":43}},{"start":{"line":102,"column":12},"end":{"line":102,"column":43}}],"line":102},"3":{"loc":{"start":{"line":103,"column":12},"end":{"line":103,"column":42}},"type":"if","locations":[{"start":{"line":103,"column":12},"end":{"line":103,"column":42}},{"start":{"line":103,"column":12},"end":{"line":103,"column":42}}],"line":103},"4":{"loc":{"start":{"line":188,"column":13},"end":{"line":188,"column":55}},"type":"binary-expr","locations":[{"start":{"line":188,"column":13},"end":{"line":188,"column":34}},{"start":{"line":188,"column":38},"end":{"line":188,"column":55}}],"line":188},"5":{"loc":{"start":{"line":189,"column":13},"end":{"line":189,"column":60}},"type":"binary-expr","locations":[{"start":{"line":189,"column":13},"end":{"line":189,"column":37}},{"start":{"line":189,"column":41},"end":{"line":189,"column":60}}],"line":189},"6":{"loc":{"start":{"line":193,"column":11},"end":{"line":208,"column":11}},"type":"binary-expr","locations":[{"start":{"line":193,"column":11},"end":{"line":193,"column":32}},{"start":{"line":193,"column":36},"end":{"line":193,"column":51}},{"start":{"line":194,"column":12},"end":{"line":207,"column":30}}],"line":193},"7":{"loc":{"start":{"line":212,"column":13},"end":{"line":214,"column":13}},"type":"binary-expr","locations":[{"start":{"line":212,"column":13},"end":{"line":212,"column":45}},{"start":{"line":213,"column":14},"end":{"line":213,"column":53}}],"line":212},"8":{"loc":{"start":{"line":235,"column":13},"end":{"line":237,"column":13}},"type":"binary-expr","locations":[{"start":{"line":235,"column":13},"end":{"line":235,"column":47}},{"start":{"line":236,"column":14},"end":{"line":236,"column":53}}],"line":235}},"s":{"0":1,"1":3,"2":3,"3":3,"4":3,"5":3,"6":3,"7":0,"8":0,"9":3,"10":0,"11":3,"12":1,"13":1,"14":3,"15":1,"16":1,"17":2,"18":1,"19":1,"20":0,"21":0,"22":0,"23":1,"24":3,"25":2,"26":31,"27":0,"28":0,"29":0,"30":2,"31":3,"32":1,"33":3,"34":1,"35":1,"36":1,"37":1,"38":3,"39":2,"40":2,"41":3,"42":2,"43":2,"44":3,"45":2,"46":2,"47":3,"48":1,"49":1},"f":{"0":3,"1":0,"2":0,"3":1,"4":1,"5":1,"6":1,"7":2,"8":1,"9":2,"10":31,"11":0,"12":1,"13":1,"14":2,"15":2,"16":2,"17":2,"18":2,"19":2,"20":1,"21":1},"b":{"0":[0,0],"1":[0,0],"2":[1,0],"3":[0,0],"4":[3,3],"5":[3,0],"6":[3,3,0],"7":[3,2],"8":[3,2]},"_coverageSchema":"43e27e138ebf9cfc5966b082cf9a028302ed4184","hash":"42eb3926848169d1a06dba72ccb499d8598bd675"}
,"C:\\Development\\Rocketseat\\Bootcamp\\GoBarber\\frontend\\src\\pages\\ForgotPassword\\index.tsx": {"path":"C:\\Development\\Rocketseat\\Bootcamp\\GoBarber\\frontend\\src\\pages\\ForgotPassword\\index.tsx","statementMap":{"0":{"start":{"line":22,"column":33},"end":{"line":96,"column":1}},"1":{"start":{"line":23,"column":32},"end":{"line":23,"column":47}},"2":{"start":{"line":25,"column":18},"end":{"line":25,"column":43}},"3":{"start":{"line":27,"column":23},"end":{"line":27,"column":33}},"4":{"start":{"line":29,"column":23},"end":{"line":75,"column":3}},"5":{"start":{"line":31,"column":6},"end":{"line":72,"column":7}},"6":{"start":{"line":32,"column":8},"end":{"line":32,"column":25}},"7":{"start":{"line":34,"column":8},"end":{"line":34,"column":39}},"8":{"start":{"line":36,"column":23},"end":{"line":40,"column":10}},"9":{"start":{"line":42,"column":8},"end":{"line":44,"column":11}},"10":{"start":{"line":46,"column":8},"end":{"line":48,"column":11}},"11":{"start":{"line":50,"column":8},"end":{"line":55,"column":11}},"12":{"start":{"line":57,"column":8},"end":{"line":63,"column":9}},"13":{"start":{"line":58,"column":25},"end":{"line":58,"column":49}},"14":{"start":{"line":60,"column":10},"end":{"line":60,"column":45}},"15":{"start":{"line":62,"column":10},"end":{"line":62,"column":17}},"16":{"start":{"line":65,"column":8},"end":{"line":69,"column":11}},"17":{"start":{"line":71,"column":8},"end":{"line":71,"column":26}},"18":{"start":{"line":77,"column":2},"end":{"line":95,"column":4}}},"fnMap":{"0":{"name":"(anonymous_0)","decl":{"start":{"line":22,"column":33},"end":{"line":22,"column":34}},"loc":{"start":{"line":22,"column":39},"end":{"line":96,"column":1}},"line":22},"1":{"name":"(anonymous_1)","decl":{"start":{"line":30,"column":4},"end":{"line":30,"column":5}},"loc":{"start":{"line":30,"column":44},"end":{"line":73,"column":5}},"line":30}},"branchMap":{"0":{"loc":{"start":{"line":57,"column":8},"end":{"line":63,"column":9}},"type":"if","locations":[{"start":{"line":57,"column":8},"end":{"line":63,"column":9}},{"start":{"line":57,"column":8},"end":{"line":63,"column":9}}],"line":57}},"s":{"0":1,"1":9,"2":9,"3":9,"4":9,"5":3,"6":3,"7":3,"8":3,"9":3,"10":2,"11":1,"12":2,"13":1,"14":1,"15":1,"16":1,"17":3,"18":9},"f":{"0":9,"1":3},"b":{"0":[1,1]},"_coverageSchema":"43e27e138ebf9cfc5966b082cf9a028302ed4184","hash":"4e11f367b3e128fbff2ecc723c9b33861be48b38"}
,"C:\\Development\\Rocketseat\\Bootcamp\\GoBarber\\frontend\\src\\pages\\Profile\\index.tsx": {"path":"C:\\Development\\Rocketseat\\Bootcamp\\GoBarber\\frontend\\src\\pages\\Profile\\index.tsx","statementMap":{"0":{"start":{"line":33,"column":26},"end":{"line":230,"column":1}},"1":{"start":{"line":34,"column":23},"end":{"line":34,"column":33}},"2":{"start":{"line":35,"column":31},"end":{"line":35,"column":40}},"3":{"start":{"line":37,"column":29},"end":{"line":55,"column":3}},"4":{"start":{"line":39,"column":6},"end":{"line":47,"column":7}},"5":{"start":{"line":40,"column":21},"end":{"line":40,"column":35}},"6":{"start":{"line":42,"column":8},"end":{"line":42,"column":53}},"7":{"start":{"line":44,"column":8},"end":{"line":46,"column":57}},"8":{"start":{"line":46,"column":30},"end":{"line":46,"column":55}},"9":{"start":{"line":49,"column":6},"end":{"line":52,"column":9}},"10":{"start":{"line":57,"column":18},"end":{"line":57,"column":30}},"11":{"start":{"line":59,"column":18},"end":{"line":59,"column":43}},"12":{"start":{"line":61,"column":23},"end":{"line":165,"column":3}},"13":{"start":{"line":63,"column":6},"end":{"line":162,"column":7}},"14":{"start":{"line":64,"column":8},"end":{"line":64,"column":39}},"15":{"start":{"line":66,"column":23},"end":{"line":98,"column":9}},"16":{"start":{"line":73,"column":29},"end":{"line":73,"column":34}},"17":{"start":{"line":80,"column":29},"end":{"line":80,"column":34}},"18":{"start":{"line":88,"column":29},"end":{"line":88,"column":34}},"19":{"start":{"line":100,"column":8},"end":{"line":102,"column":11}},"20":{"start":{"line":110,"column":12},"end":{"line":110,"column":16}},"21":{"start":{"line":112,"column":25},"end":{"line":128,"column":9}},"22":{"start":{"line":130,"column":8},"end":{"line":136,"column":9}},"23":{"start":{"line":131,"column":10},"end":{"line":135,"column":13}},"24":{"start":{"line":138,"column":25},"end":{"line":138,"column":60}},"25":{"start":{"line":140,"column":8},"end":{"line":140,"column":34}},"26":{"start":{"line":142,"column":8},"end":{"line":145,"column":11}},"27":{"start":{"line":147,"column":8},"end":{"line":147,"column":35}},"28":{"start":{"line":149,"column":8},"end":{"line":155,"column":9}},"29":{"start":{"line":150,"column":25},"end":{"line":150,"column":49}},"30":{"start":{"line":152,"column":10},"end":{"line":152,"column":45}},"31":{"start":{"line":154,"column":10},"end":{"line":154,"column":17}},"32":{"start":{"line":157,"column":8},"end":{"line":161,"column":11}},"33":{"start":{"line":167,"column":2},"end":{"line":229,"column":4}}},"fnMap":{"0":{"name":"(anonymous_0)","decl":{"start":{"line":33,"column":26},"end":{"line":33,"column":27}},"loc":{"start":{"line":33,"column":32},"end":{"line":230,"column":1}},"line":33},"1":{"name":"(anonymous_1)","decl":{"start":{"line":38,"column":4},"end":{"line":38,"column":5}},"loc":{"start":{"line":38,"column":46},"end":{"line":53,"column":5}},"line":38},"2":{"name":"(anonymous_2)","decl":{"start":{"line":46,"column":16},"end":{"line":46,"column":17}},"loc":{"start":{"line":46,"column":30},"end":{"line":46,"column":55}},"line":46},"3":{"name":"(anonymous_3)","decl":{"start":{"line":62,"column":4},"end":{"line":62,"column":5}},"loc":{"start":{"line":62,"column":37},"end":{"line":163,"column":5}},"line":62},"4":{"name":"(anonymous_4)","decl":{"start":{"line":73,"column":20},"end":{"line":73,"column":21}},"loc":{"start":{"line":73,"column":29},"end":{"line":73,"column":34}},"line":73},"5":{"name":"(anonymous_5)","decl":{"start":{"line":80,"column":20},"end":{"line":80,"column":21}},"loc":{"start":{"line":80,"column":29},"end":{"line":80,"column":34}},"line":80},"6":{"name":"(anonymous_6)","decl":{"start":{"line":88,"column":20},"end":{"line":88,"column":21}},"loc":{"start":{"line":88,"column":29},"end":{"line":88,"column":34}},"line":88}},"branchMap":{"0":{"loc":{"start":{"line":39,"column":6},"end":{"line":47,"column":7}},"type":"if","locations":[{"start":{"line":39,"column":6},"end":{"line":47,"column":7}},{"start":{"line":39,"column":6},"end":{"line":47,"column":7}}],"line":39},"1":{"loc":{"start":{"line":113,"column":14},"end":{"line":113,"column":34}},"type":"cond-expr","locations":[{"start":{"line":113,"column":21},"end":{"line":113,"column":29}},{"start":{"line":113,"column":32},"end":{"line":113,"column":34}}],"line":113},"2":{"loc":{"start":{"line":114,"column":14},"end":{"line":114,"column":36}},"type":"cond-expr","locations":[{"start":{"line":114,"column":22},"end":{"line":114,"column":31}},{"start":{"line":114,"column":34},"end":{"line":114,"column":36}}],"line":114},"3":{"loc":{"start":{"line":115,"column":14},"end":{"line":115,"column":50}},"type":"cond-expr","locations":[{"start":{"line":115,"column":30},"end":{"line":115,"column":45}},{"start":{"line":115,"column":48},"end":{"line":115,"column":50}}],"line":115},"4":{"loc":{"start":{"line":115,"column":14},"end":{"line":115,"column":27}},"type":"binary-expr","locations":[{"start":{"line":115,"column":14},"end":{"line":115,"column":18}},{"start":{"line":115,"column":22},"end":{"line":115,"column":27}}],"line":115},"5":{"loc":{"start":{"line":116,"column":14},"end":{"line":118,"column":16}},"type":"cond-expr","locations":[{"start":{"line":117,"column":14},"end":{"line":117,"column":69}},{"start":{"line":118,"column":14},"end":{"line":118,"column":16}}],"line":116},"6":{"loc":{"start":{"line":116,"column":14},"end":{"line":116,"column":34}},"type":"binary-expr","locations":[{"start":{"line":116,"column":14},"end":{"line":116,"column":18}},{"start":{"line":116,"column":22},"end":{"line":116,"column":34}}],"line":116},"7":{"loc":{"start":{"line":119,"column":14},"end":{"line":121,"column":16}},"type":"cond-expr","locations":[{"start":{"line":120,"column":14},"end":{"line":120,"column":70}},{"start":{"line":121,"column":14},"end":{"line":121,"column":16}}],"line":119},"8":{"loc":{"start":{"line":119,"column":14},"end":{"line":119,"column":35}},"type":"binary-expr","locations":[{"start":{"line":119,"column":14},"end":{"line":119,"column":19}},{"start":{"line":119,"column":23},"end":{"line":119,"column":35}}],"line":119},"9":{"loc":{"start":{"line":122,"column":14},"end":{"line":124,"column":16}},"type":"cond-expr","locations":[{"start":{"line":123,"column":14},"end":{"line":123,"column":76}},{"start":{"line":124,"column":14},"end":{"line":124,"column":16}}],"line":122},"10":{"loc":{"start":{"line":122,"column":14},"end":{"line":122,"column":43}},"type":"binary-expr","locations":[{"start":{"line":122,"column":14},"end":{"line":122,"column":18}},{"start":{"line":122,"column":22},"end":{"line":122,"column":27}},{"start":{"line":122,"column":31},"end":{"line":122,"column":43}}],"line":122},"11":{"loc":{"start":{"line":125,"column":14},"end":{"line":127,"column":16}},"type":"cond-expr","locations":[{"start":{"line":126,"column":14},"end":{"line":126,"column":63}},{"start":{"line":127,"column":14},"end":{"line":127,"column":16}}],"line":125},"12":{"loc":{"start":{"line":130,"column":8},"end":{"line":136,"column":9}},"type":"if","locations":[{"start":{"line":130,"column":8},"end":{"line":136,"column":9}},{"start":{"line":130,"column":8},"end":{"line":136,"column":9}}],"line":130},"13":{"loc":{"start":{"line":149,"column":8},"end":{"line":155,"column":9}},"type":"if","locations":[{"start":{"line":149,"column":8},"end":{"line":155,"column":9}},{"start":{"line":149,"column":8},"end":{"line":155,"column":9}}],"line":149}},"s":{"0":1,"1":13,"2":13,"3":13,"4":1,"5":1,"6":1,"7":1,"8":1,"9":1,"10":13,"11":13,"12":13,"13":12,"14":12,"15":12,"16":24,"17":24,"18":24,"19":12,"20":9,"21":9,"22":9,"23":1,"24":8,"25":7,"26":7,"27":7,"28":4,"29":3,"30":3,"31":3,"32":1,"33":13},"f":{"0":13,"1":1,"2":1,"3":12,"4":24,"5":24,"6":24},"b":{"0":[1,0],"1":[8,1],"2":[8,1],"3":[8,1],"4":[9,8],"5":[4,5],"6":[9,8],"7":[4,5],"8":[9,8],"9":[4,5],"10":[9,8,8],"11":[4,5],"12":[1,8],"13":[3,1]},"_coverageSchema":"43e27e138ebf9cfc5966b082cf9a028302ed4184","hash":"8b60a4c73cce8d1d22fdbac6bd7caf4bd4878d75"}
,"C:\\Development\\Rocketseat\\Bootcamp\\GoBarber\\frontend\\src\\pages\\ResetPassword\\index.tsx": {"path":"C:\\Development\\Rocketseat\\Bootcamp\\GoBarber\\frontend\\src\\pages\\ResetPassword\\index.tsx","statementMap":{"0":{"start":{"line":23,"column":32},"end":{"line":113,"column":1}},"1":{"start":{"line":24,"column":18},"end":{"line":24,"column":43}},"2":{"start":{"line":25,"column":18},"end":{"line":25,"column":30}},"3":{"start":{"line":26,"column":19},"end":{"line":26,"column":32}},"4":{"start":{"line":28,"column":23},"end":{"line":28,"column":33}},"5":{"start":{"line":30,"column":23},"end":{"line":84,"column":3}},"6":{"start":{"line":32,"column":6},"end":{"line":81,"column":7}},"7":{"start":{"line":33,"column":8},"end":{"line":33,"column":39}},"8":{"start":{"line":35,"column":23},"end":{"line":43,"column":10}},"9":{"start":{"line":45,"column":8},"end":{"line":47,"column":11}},"10":{"start":{"line":49,"column":22},"end":{"line":49,"column":60}},"11":{"start":{"line":51,"column":8},"end":{"line":53,"column":9}},"12":{"start":{"line":52,"column":10},"end":{"line":52,"column":28}},"13":{"start":{"line":55,"column":8},"end":{"line":59,"column":11}},"14":{"start":{"line":61,"column":8},"end":{"line":64,"column":11}},"15":{"start":{"line":66,"column":8},"end":{"line":66,"column":26}},"16":{"start":{"line":68,"column":8},"end":{"line":74,"column":9}},"17":{"start":{"line":69,"column":25},"end":{"line":69,"column":49}},"18":{"start":{"line":71,"column":10},"end":{"line":71,"column":45}},"19":{"start":{"line":73,"column":10},"end":{"line":73,"column":17}},"20":{"start":{"line":76,"column":8},"end":{"line":80,"column":11}},"21":{"start":{"line":86,"column":2},"end":{"line":112,"column":4}}},"fnMap":{"0":{"name":"(anonymous_0)","decl":{"start":{"line":23,"column":32},"end":{"line":23,"column":33}},"loc":{"start":{"line":23,"column":38},"end":{"line":113,"column":1}},"line":23},"1":{"name":"(anonymous_1)","decl":{"start":{"line":31,"column":4},"end":{"line":31,"column":5}},"loc":{"start":{"line":31,"column":43},"end":{"line":82,"column":5}},"line":31}},"branchMap":{"0":{"loc":{"start":{"line":51,"column":8},"end":{"line":53,"column":9}},"type":"if","locations":[{"start":{"line":51,"column":8},"end":{"line":53,"column":9}},{"start":{"line":51,"column":8},"end":{"line":53,"column":9}}],"line":51},"1":{"loc":{"start":{"line":68,"column":8},"end":{"line":74,"column":9}},"type":"if","locations":[{"start":{"line":68,"column":8},"end":{"line":74,"column":9}},{"start":{"line":68,"column":8},"end":{"line":74,"column":9}}],"line":68}},"s":{"0":1,"1":7,"2":7,"3":7,"4":7,"5":7,"6":7,"7":7,"8":7,"9":7,"10":3,"11":3,"12":1,"13":2,"14":1,"15":1,"16":6,"17":4,"18":4,"19":4,"20":2,"21":7},"f":{"0":7,"1":7},"b":{"0":[1,2],"1":[4,2]},"_coverageSchema":"43e27e138ebf9cfc5966b082cf9a028302ed4184","hash":"2518806ffd197281ffca54e14485def3006629c5"}
,"C:\\Development\\Rocketseat\\Bootcamp\\GoBarber\\frontend\\src\\pages\\SignIn\\index.tsx": {"path":"C:\\Development\\Rocketseat\\Bootcamp\\GoBarber\\frontend\\src\\pages\\SignIn\\index.tsx","statementMap":{"0":{"start":{"line":24,"column":25},"end":{"line":104,"column":1}},"1":{"start":{"line":25,"column":18},"end":{"line":25,"column":43}},"2":{"start":{"line":27,"column":18},"end":{"line":27,"column":30}},"3":{"start":{"line":29,"column":21},"end":{"line":29,"column":30}},"4":{"start":{"line":30,"column":23},"end":{"line":30,"column":33}},"5":{"start":{"line":32,"column":23},"end":{"line":76,"column":3}},"6":{"start":{"line":34,"column":6},"end":{"line":73,"column":7}},"7":{"start":{"line":35,"column":8},"end":{"line":35,"column":39}},"8":{"start":{"line":37,"column":23},"end":{"line":42,"column":10}},"9":{"start":{"line":44,"column":8},"end":{"line":46,"column":11}},"10":{"start":{"line":48,"column":8},"end":{"line":51,"column":11}},"11":{"start":{"line":53,"column":8},"end":{"line":56,"column":11}},"12":{"start":{"line":58,"column":8},"end":{"line":58,"column":35}},"13":{"start":{"line":60,"column":8},"end":{"line":66,"column":9}},"14":{"start":{"line":61,"column":25},"end":{"line":61,"column":49}},"15":{"start":{"line":63,"column":10},"end":{"line":63,"column":45}},"16":{"start":{"line":65,"column":10},"end":{"line":65,"column":17}},"17":{"start":{"line":68,"column":8},"end":{"line":72,"column":11}},"18":{"start":{"line":78,"column":2},"end":{"line":103,"column":4}}},"fnMap":{"0":{"name":"(anonymous_0)","decl":{"start":{"line":24,"column":25},"end":{"line":24,"column":26}},"loc":{"start":{"line":24,"column":31},"end":{"line":104,"column":1}},"line":24},"1":{"name":"(anonymous_1)","decl":{"start":{"line":33,"column":4},"end":{"line":33,"column":5}},"loc":{"start":{"line":33,"column":36},"end":{"line":74,"column":5}},"line":33}},"branchMap":{"0":{"loc":{"start":{"line":60,"column":8},"end":{"line":66,"column":9}},"type":"if","locations":[{"start":{"line":60,"column":8},"end":{"line":66,"column":9}},{"start":{"line":60,"column":8},"end":{"line":66,"column":9}}],"line":60}},"s":{"0":1,"1":3,"2":3,"3":3,"4":3,"5":3,"6":3,"7":3,"8":3,"9":3,"10":2,"11":1,"12":1,"13":2,"14":1,"15":1,"16":1,"17":1,"18":3},"f":{"0":3,"1":3},"b":{"0":[1,1]},"_coverageSchema":"43e27e138ebf9cfc5966b082cf9a028302ed4184","hash":"3a42e5418d01ad544c5f8267b8b0ca6afcd15440"}
,"C:\\Development\\Rocketseat\\Bootcamp\\GoBarber\\frontend\\src\\pages\\SignUp\\index.tsx": {"path":"C:\\Development\\Rocketseat\\Bootcamp\\GoBarber\\frontend\\src\\pages\\SignUp\\index.tsx","statementMap":{"0":{"start":{"line":25,"column":25},"end":{"line":102,"column":1}},"1":{"start":{"line":26,"column":23},"end":{"line":26,"column":33}},"2":{"start":{"line":28,"column":18},"end":{"line":28,"column":30}},"3":{"start":{"line":30,"column":18},"end":{"line":30,"column":43}},"4":{"start":{"line":32,"column":23},"end":{"line":74,"column":3}},"5":{"start":{"line":34,"column":6},"end":{"line":71,"column":7}},"6":{"start":{"line":35,"column":8},"end":{"line":35,"column":39}},"7":{"start":{"line":37,"column":23},"end":{"line":43,"column":10}},"8":{"start":{"line":45,"column":8},"end":{"line":47,"column":11}},"9":{"start":{"line":49,"column":8},"end":{"line":49,"column":39}},"10":{"start":{"line":51,"column":8},"end":{"line":54,"column":11}},"11":{"start":{"line":56,"column":8},"end":{"line":56,"column":26}},"12":{"start":{"line":58,"column":8},"end":{"line":64,"column":9}},"13":{"start":{"line":59,"column":25},"end":{"line":59,"column":49}},"14":{"start":{"line":61,"column":10},"end":{"line":61,"column":45}},"15":{"start":{"line":63,"column":10},"end":{"line":63,"column":17}},"16":{"start":{"line":66,"column":8},"end":{"line":70,"column":11}},"17":{"start":{"line":76,"column":2},"end":{"line":101,"column":4}}},"fnMap":{"0":{"name":"(anonymous_0)","decl":{"start":{"line":25,"column":25},"end":{"line":25,"column":26}},"loc":{"start":{"line":25,"column":31},"end":{"line":102,"column":1}},"line":25},"1":{"name":"(anonymous_1)","decl":{"start":{"line":33,"column":4},"end":{"line":33,"column":5}},"loc":{"start":{"line":33,"column":36},"end":{"line":72,"column":5}},"line":33}},"branchMap":{"0":{"loc":{"start":{"line":58,"column":8},"end":{"line":64,"column":9}},"type":"if","locations":[{"start":{"line":58,"column":8},"end":{"line":64,"column":9}},{"start":{"line":58,"column":8},"end":{"line":64,"column":9}}],"line":58}},"s":{"0":1,"1":6,"2":6,"3":6,"4":6,"5":6,"6":6,"7":6,"8":6,"9":2,"10":1,"11":1,"12":5,"13":4,"14":4,"15":4,"16":1,"17":6},"f":{"0":6,"1":6},"b":{"0":[4,1]},"_coverageSchema":"43e27e138ebf9cfc5966b082cf9a028302ed4184","hash":"a452620f71b5bc2797d3446bf60edd5348ab87de"}
}
