TN:
SF:C:\Development\Rocketseat\Bootcamp\GoBarber\frontend\src\components\Button\index.tsx
FN:9,(anonymous_0)
FNF:1
FNH:1
FNDA:40,(anonymous_0)
DA:9,6
DA:10,40
LF:2
LH:2
BRDA:17,0,0,4
BRDA:17,0,1,36
BRF:2
BRH:2
end_of_record
TN:
SF:C:\Development\Rocketseat\Bootcamp\GoBarber\frontend\src\components\Input\index.tsx
FN:20,(anonymous_0)
FN:32,(anonymous_1)
FN:36,(anonymous_2)
FN:44,(anonymous_3)
FNF:4
FNH:4
FNDA:286,(anonymous_0)
FNDA:33,(anonymous_1)
FNDA:2,(anonymous_2)
FNDA:112,(anonymous_3)
DA:20,6
DA:26,286
DA:27,286
DA:29,286
DA:30,286
DA:32,286
DA:33,33
DA:36,286
DA:37,2
DA:40,2
DA:44,286
DA:45,112
DA:52,286
LF:13
LH:13
BRDA:23,0,0,258
BRDA:60,1,0,286
BRDA:60,1,1,282
BRDA:68,2,0,286
BRDA:68,2,1,16
BRF:5
BRH:5
end_of_record
TN:
SF:C:\Development\Rocketseat\Bootcamp\GoBarber\frontend\src\components\ToastContainer\index.tsx
FN:13,(anonymous_0)
FN:16,(anonymous_1)
FN:26,(anonymous_2)
FNF:3
FNH:3
FNDA:8,(anonymous_0)
FNDA:9,(anonymous_1)
FNDA:5,(anonymous_2)
DA:13,2
DA:14,8
DA:16,9
DA:24,8
DA:27,5
LF:5
LH:5
BRF:0
BRH:0
end_of_record
TN:
SF:C:\Development\Rocketseat\Bootcamp\GoBarber\frontend\src\components\ToastContainer\Toast\index.tsx
FN:19,(anonymous_0)
FN:22,(anonymous_1)
FN:23,(anonymous_2)
FN:26,(anonymous_3)
FN:47,(anonymous_4)
FNF:5
FNH:5
FNDA:9,(anonymous_0)
FNDA:8,(anonymous_1)
FNDA:1,(anonymous_2)
FNDA:8,(anonymous_3)
FNDA:1,(anonymous_4)
DA:13,3
DA:19,3
DA:20,9
DA:22,9
DA:23,8
DA:24,1
DA:26,8
DA:27,8
DA:31,9
DA:47,1
LF:10
LH:10
BRDA:38,0,0,9
BRDA:38,0,1,6
BRDA:41,1,0,9
BRDA:41,1,1,4
BRF:4
BRH:4
end_of_record
TN:
SF:C:\Development\Rocketseat\Bootcamp\GoBarber\frontend\src\components\Tooltip\index.tsx
FN:10,(anonymous_0)
FNF:1
FNH:1
FNDA:16,(anonymous_0)
DA:10,6
DA:11,16
LF:2
LH:2
BRF:0
BRH:0
end_of_record
TN:
SF:C:\Development\Rocketseat\Bootcamp\GoBarber\frontend\src\hooks\auth.tsx
FN:30,(anonymous_0)
FN:31,(anonymous_1)
FN:44,(anonymous_2)
FN:60,(anonymous_3)
FN:68,(anonymous_4)
FN:88,useAuth
FNF:6
FNH:6
FNDA:7,(anonymous_0)
FNDA:4,(anonymous_1)
FNDA:1,(anonymous_2)
FNDA:1,(anonymous_3)
FNDA:1,(anonymous_4)
FNDA:7,useAuth
DA:28,1
DA:30,1
DA:31,7
DA:32,4
DA:33,4
DA:35,4
DA:36,3
DA:38,3
DA:41,1
DA:44,7
DA:45,1
DA:50,1
DA:52,1
DA:53,1
DA:55,1
DA:57,1
DA:60,7
DA:61,1
DA:62,1
DA:64,1
DA:67,7
DA:69,1
DA:74,1
DA:79,7
DA:89,7
DA:91,7
LF:26
LH:26
BRDA:35,0,0,3
BRDA:35,0,1,1
BRDA:35,1,0,4
BRDA:35,1,1,3
BRF:4
BRH:4
end_of_record
TN:
SF:C:\Development\Rocketseat\Bootcamp\GoBarber\frontend\src\hooks\toast.tsx
FN:21,(anonymous_0)
FN:25,(anonymous_1)
FN:35,(anonymous_2)
FN:40,(anonymous_3)
FN:41,(anonymous_4)
FN:41,(anonymous_5)
FN:52,useToast
FNF:7
FNH:7
FNDA:5,(anonymous_0)
FNDA:2,(anonymous_1)
FNDA:2,(anonymous_2)
FNDA:1,(anonymous_3)
FNDA:1,(anonymous_4)
FNDA:1,(anonymous_5)
FNDA:10,useToast
DA:19,2
DA:21,2
DA:22,5
DA:24,5
DA:26,2
DA:28,2
DA:35,2
DA:40,5
DA:41,1
DA:44,5
DA:53,10
DA:55,10
LF:12
LH:12
BRF:0
BRH:0
end_of_record
TN:
SF:C:\Development\Rocketseat\Bootcamp\GoBarber\frontend\src\pages\Dashboard\index.tsx
FN:43,(anonymous_0)
FN:58,(anonymous_1)
FN:65,(anonymous_2)
FN:70,(anonymous_3)
FN:78,(anonymous_4)
FN:84,(anonymous_5)
FN:93,(anonymous_6)
FN:95,(anonymous_7)
FN:101,(anonymous_8)
FN:112,(anonymous_9)
FN:114,(anonymous_10)
FN:115,(anonymous_11)
FN:125,(anonymous_12)
FN:132,(anonymous_13)
FN:144,(anonymous_14)
FN:145,(anonymous_15)
FN:151,(anonymous_16)
FN:152,(anonymous_17)
FN:158,(anonymous_18)
FN:159,(anonymous_19)
FN:216,(anonymous_20)
FN:239,(anonymous_21)
FNF:22
FNH:19
FNDA:3,(anonymous_0)
FNDA:0,(anonymous_1)
FNDA:0,(anonymous_2)
FNDA:1,(anonymous_3)
FNDA:1,(anonymous_4)
FNDA:1,(anonymous_5)
FNDA:1,(anonymous_6)
FNDA:2,(anonymous_7)
FNDA:1,(anonymous_8)
FNDA:2,(anonymous_9)
FNDA:31,(anonymous_10)
FNDA:0,(anonymous_11)
FNDA:1,(anonymous_12)
FNDA:1,(anonymous_13)
FNDA:2,(anonymous_14)
FNDA:2,(anonymous_15)
FNDA:2,(anonymous_16)
FNDA:2,(anonymous_17)
FNDA:2,(anonymous_18)
FNDA:2,(anonymous_19)
FNDA:1,(anonymous_20)
FNDA:1,(anonymous_21)
DA:43,1
DA:45,3
DA:47,3
DA:49,3
DA:53,3
DA:55,3
DA:58,3
DA:59,0
DA:60,0
DA:65,3
DA:66,0
DA:70,3
DA:71,1
DA:79,1
DA:84,3
DA:85,1
DA:94,1
DA:96,2
DA:102,1
DA:103,0
DA:104,0
DA:107,1
DA:112,3
DA:113,2
DA:114,31
DA:116,0
DA:117,0
DA:118,0
DA:121,2
DA:125,3
DA:126,1
DA:132,3
DA:133,1
DA:137,1
DA:138,1
DA:140,1
DA:144,3
DA:145,2
DA:146,2
DA:151,3
DA:152,2
DA:153,2
DA:158,3
DA:159,2
DA:160,2
DA:164,3
DA:217,1
DA:240,1
LF:48
LH:40
BRDA:59,0,0,0
BRDA:59,0,1,0
BRDA:59,1,0,0
BRDA:59,1,1,0
BRDA:102,2,0,1
BRDA:102,2,1,0
BRDA:103,3,0,0
BRDA:103,3,1,0
BRDA:188,4,0,3
BRDA:188,4,1,3
BRDA:189,5,0,3
BRDA:189,5,1,0
BRDA:193,6,0,3
BRDA:193,6,1,3
BRDA:193,6,2,0
BRDA:212,7,0,3
BRDA:212,7,1,2
BRDA:235,8,0,3
BRDA:235,8,1,2
BRF:19
BRH:10
end_of_record
TN:
SF:C:\Development\Rocketseat\Bootcamp\GoBarber\frontend\src\pages\ForgotPassword\index.tsx
FN:22,(anonymous_0)
FN:30,(anonymous_1)
FNF:2
FNH:2
FNDA:9,(anonymous_0)
FNDA:3,(anonymous_1)
DA:22,1
DA:23,9
DA:25,9
DA:27,9
DA:29,9
DA:31,3
DA:32,3
DA:34,3
DA:36,3
DA:42,3
DA:46,2
DA:50,1
DA:57,2
DA:58,1
DA:60,1
DA:62,1
DA:65,1
DA:71,3
DA:77,9
LF:19
LH:19
BRDA:57,0,0,1
BRDA:57,0,1,1
BRF:2
BRH:2
end_of_record
TN:
SF:C:\Development\Rocketseat\Bootcamp\GoBarber\frontend\src\pages\Profile\index.tsx
FN:33,(anonymous_0)
FN:38,(anonymous_1)
FN:46,(anonymous_2)
FN:62,(anonymous_3)
FN:73,(anonymous_4)
FN:80,(anonymous_5)
FN:88,(anonymous_6)
FNF:7
FNH:7
FNDA:13,(anonymous_0)
FNDA:1,(anonymous_1)
FNDA:1,(anonymous_2)
FNDA:12,(anonymous_3)
FNDA:24,(anonymous_4)
FNDA:24,(anonymous_5)
FNDA:24,(anonymous_6)
DA:33,1
DA:34,13
DA:35,13
DA:37,13
DA:39,1
DA:40,1
DA:42,1
DA:44,1
DA:46,1
DA:49,1
DA:57,13
DA:59,13
DA:61,13
DA:63,12
DA:64,12
DA:66,12
DA:73,24
DA:80,24
DA:88,24
DA:100,12
DA:110,9
DA:112,9
DA:130,9
DA:131,1
DA:138,8
DA:140,7
DA:142,7
DA:147,7
DA:149,4
DA:150,3
DA:152,3
DA:154,3
DA:157,1
DA:167,13
LF:34
LH:34
BRDA:39,0,0,1
BRDA:39,0,1,0
BRDA:113,1,0,8
BRDA:113,1,1,1
BRDA:114,2,0,8
BRDA:114,2,1,1
BRDA:115,3,0,8
BRDA:115,3,1,1
BRDA:115,4,0,9
BRDA:115,4,1,8
BRDA:116,5,0,4
BRDA:116,5,1,5
BRDA:116,6,0,9
BRDA:116,6,1,8
BRDA:119,7,0,4
BRDA:119,7,1,5
BRDA:119,8,0,9
BRDA:119,8,1,8
BRDA:122,9,0,4
BRDA:122,9,1,5
BRDA:122,10,0,9
BRDA:122,10,1,8
BRDA:122,10,2,8
BRDA:125,11,0,4
BRDA:125,11,1,5
BRDA:130,12,0,1
BRDA:130,12,1,8
BRDA:149,13,0,3
BRDA:149,13,1,1
BRF:29
BRH:28
end_of_record
TN:
SF:C:\Development\Rocketseat\Bootcamp\GoBarber\frontend\src\pages\ResetPassword\index.tsx
FN:23,(anonymous_0)
FN:31,(anonymous_1)
FNF:2
FNH:2
FNDA:7,(anonymous_0)
FNDA:7,(anonymous_1)
DA:23,1
DA:24,7
DA:25,7
DA:26,7
DA:28,7
DA:30,7
DA:32,7
DA:33,7
DA:35,7
DA:45,7
DA:49,3
DA:51,3
DA:52,1
DA:55,2
DA:61,1
DA:66,1
DA:68,6
DA:69,4
DA:71,4
DA:73,4
DA:76,2
DA:86,7
LF:22
LH:22
BRDA:51,0,0,1
BRDA:51,0,1,2
BRDA:68,1,0,4
BRDA:68,1,1,2
BRF:4
BRH:4
end_of_record
TN:
SF:C:\Development\Rocketseat\Bootcamp\GoBarber\frontend\src\pages\SignIn\index.tsx
FN:24,(anonymous_0)
FN:33,(anonymous_1)
FNF:2
FNH:2
FNDA:3,(anonymous_0)
FNDA:3,(anonymous_1)
DA:24,1
DA:25,3
DA:27,3
DA:29,3
DA:30,3
DA:32,3
DA:34,3
DA:35,3
DA:37,3
DA:44,3
DA:48,2
DA:53,1
DA:58,1
DA:60,2
DA:61,1
DA:63,1
DA:65,1
DA:68,1
DA:78,3
LF:19
LH:19
BRDA:60,0,0,1
BRDA:60,0,1,1
BRF:2
BRH:2
end_of_record
TN:
SF:C:\Development\Rocketseat\Bootcamp\GoBarber\frontend\src\pages\SignUp\index.tsx
FN:25,(anonymous_0)
FN:33,(anonymous_1)
FNF:2
FNH:2
FNDA:6,(anonymous_0)
FNDA:6,(anonymous_1)
DA:25,1
DA:26,6
DA:28,6
DA:30,6
DA:32,6
DA:34,6
DA:35,6
DA:37,6
DA:45,6
DA:49,2
DA:51,1
DA:56,1
DA:58,5
DA:59,4
DA:61,4
DA:63,4
DA:66,1
DA:76,6
LF:18
LH:18
BRDA:58,0,0,4
BRDA:58,0,1,1
BRF:2
BRH:2
end_of_record
