{"C:\\Development\\Rocketseat\\Bootcamp\\GoBarber\\mobile\\src\\components\\Button\\index.tsx": {"path":"C:\\Development\\Rocketseat\\Bootcamp\\GoBarber\\mobile\\src\\components\\Button\\index.tsx","statementMap":{"0":{"start":{"line":10,"column":38},"end":{"line":16,"column":1}},"1":{"start":{"line":11,"column":2},"end":{"line":15,"column":4}}},"fnMap":{"0":{"name":"(anonymous_0)","decl":{"start":{"line":10,"column":38},"end":{"line":10,"column":39}},"loc":{"start":{"line":10,"column":65},"end":{"line":16,"column":1}},"line":10}},"branchMap":{},"s":{"0":1,"1":1},"f":{"0":1},"b":{},"_coverageSchema":"43e27e138ebf9cfc5966b082cf9a028302ed4184","hash":"61c67738c2291e078dab6daa1295f57497558913"}
,"C:\\Development\\Rocketseat\\Bootcamp\\GoBarber\\mobile\\src\\components\\Input\\index.tsx": {"path":"C:\\Development\\Rocketseat\\Bootcamp\\GoBarber\\mobile\\src\\components\\Input\\index.tsx","statementMap":{"0":{"start":{"line":17,"column":36},"end":{"line":78,"column":1}},"1":{"start":{"line":23,"column":36},"end":{"line":23,"column":51}},"2":{"start":{"line":24,"column":34},"end":{"line":24,"column":49}},"3":{"start":{"line":26,"column":26},"end":{"line":26,"column":43}},"4":{"start":{"line":28,"column":65},"end":{"line":28,"column":79}},"5":{"start":{"line":29,"column":24},"end":{"line":29,"column":76}},"6":{"start":{"line":31,"column":24},"end":{"line":33,"column":8}},"7":{"start":{"line":32,"column":4},"end":{"line":32,"column":23}},"8":{"start":{"line":35,"column":23},"end":{"line":39,"column":8}},"9":{"start":{"line":36,"column":4},"end":{"line":36,"column":24}},"10":{"start":{"line":38,"column":4},"end":{"line":38,"column":47}},"11":{"start":{"line":41,"column":2},"end":{"line":55,"column":33}},"12":{"start":{"line":42,"column":4},"end":{"line":54,"column":7}},"13":{"start":{"line":47,"column":8},"end":{"line":47,"column":44}},"14":{"start":{"line":48,"column":8},"end":{"line":48,"column":64}},"15":{"start":{"line":51,"column":8},"end":{"line":51,"column":41}},"16":{"start":{"line":52,"column":8},"end":{"line":52,"column":40}},"17":{"start":{"line":57,"column":2},"end":{"line":77,"column":4}},"18":{"start":{"line":69,"column":10},"end":{"line":69,"column":46}}},"fnMap":{"0":{"name":"(anonymous_0)","decl":{"start":{"line":17,"column":36},"end":{"line":17,"column":37}},"loc":{"start":{"line":22,"column":6},"end":{"line":78,"column":1}},"line":22},"1":{"name":"(anonymous_1)","decl":{"start":{"line":31,"column":36},"end":{"line":31,"column":37}},"loc":{"start":{"line":31,"column":42},"end":{"line":33,"column":3}},"line":31},"2":{"name":"(anonymous_2)","decl":{"start":{"line":35,"column":35},"end":{"line":35,"column":36}},"loc":{"start":{"line":35,"column":41},"end":{"line":39,"column":3}},"line":35},"3":{"name":"(anonymous_3)","decl":{"start":{"line":41,"column":12},"end":{"line":41,"column":13}},"loc":{"start":{"line":41,"column":18},"end":{"line":55,"column":3}},"line":41},"4":{"name":"(anonymous_4)","decl":{"start":{"line":46,"column":6},"end":{"line":46,"column":7}},"loc":{"start":{"line":46,"column":32},"end":{"line":49,"column":7}},"line":46},"5":{"name":"(anonymous_5)","decl":{"start":{"line":50,"column":6},"end":{"line":50,"column":7}},"loc":{"start":{"line":50,"column":19},"end":{"line":53,"column":7}},"line":50},"6":{"name":"(anonymous_6)","decl":{"start":{"line":68,"column":22},"end":{"line":68,"column":23}},"loc":{"start":{"line":68,"column":33},"end":{"line":70,"column":9}},"line":68}},"branchMap":{"0":{"loc":{"start":{"line":19,"column":2},"end":{"line":19,"column":21}},"type":"default-arg","locations":[{"start":{"line":19,"column":19},"end":{"line":19,"column":21}}],"line":19},"1":{"loc":{"start":{"line":28,"column":36},"end":{"line":28,"column":53}},"type":"default-arg","locations":[{"start":{"line":28,"column":51},"end":{"line":28,"column":53}}],"line":28},"2":{"loc":{"start":{"line":62,"column":15},"end":{"line":62,"column":60}},"type":"cond-expr","locations":[{"start":{"line":62,"column":39},"end":{"line":62,"column":48}},{"start":{"line":62,"column":51},"end":{"line":62,"column":60}}],"line":62},"3":{"loc":{"start":{"line":62,"column":15},"end":{"line":62,"column":36}},"type":"binary-expr","locations":[{"start":{"line":62,"column":15},"end":{"line":62,"column":24}},{"start":{"line":62,"column":28},"end":{"line":62,"column":36}}],"line":62}},"s":{"0":1,"1":2,"2":2,"3":2,"4":2,"5":2,"6":2,"7":0,"8":2,"9":0,"10":0,"11":2,"12":2,"13":0,"14":0,"15":0,"16":0,"17":2,"18":0},"f":{"0":2,"1":0,"2":0,"3":2,"4":0,"5":0,"6":0},"b":{"0":[2],"1":[2],"2":[0,2],"3":[2,2]},"_coverageSchema":"43e27e138ebf9cfc5966b082cf9a028302ed4184","hash":"2e7070cba49a3885148be5f89622e12f917b5d01"}
,"C:\\Development\\Rocketseat\\Bootcamp\\GoBarber\\mobile\\src\\hooks\\auth.tsx": {"path":"C:\\Development\\Rocketseat\\Bootcamp\\GoBarber\\mobile\\src\\hooks\\auth.tsx","statementMap":{"0":{"start":{"line":37,"column":20},"end":{"line":37,"column":73}},"1":{"start":{"line":39,"column":38},"end":{"line":105,"column":1}},"2":{"start":{"line":40,"column":26},"end":{"line":40,"column":62}},"3":{"start":{"line":41,"column":32},"end":{"line":41,"column":46}},"4":{"start":{"line":43,"column":2},"end":{"line":60,"column":9}},"5":{"start":{"line":45,"column":28},"end":{"line":48,"column":8}},"6":{"start":{"line":50,"column":6},"end":{"line":54,"column":7}},"7":{"start":{"line":51,"column":8},"end":{"line":51,"column":66}},"8":{"start":{"line":53,"column":8},"end":{"line":53,"column":64}},"9":{"start":{"line":57,"column":4},"end":{"line":57,"column":22}},"10":{"start":{"line":59,"column":4},"end":{"line":59,"column":17}},"11":{"start":{"line":62,"column":17},"end":{"line":78,"column":8}},"12":{"start":{"line":63,"column":21},"end":{"line":66,"column":6}},"13":{"start":{"line":68,"column":28},"end":{"line":68,"column":41}},"14":{"start":{"line":70,"column":4},"end":{"line":73,"column":7}},"15":{"start":{"line":75,"column":4},"end":{"line":75,"column":59}},"16":{"start":{"line":77,"column":4},"end":{"line":77,"column":29}},"17":{"start":{"line":80,"column":18},"end":{"line":84,"column":8}},"18":{"start":{"line":81,"column":4},"end":{"line":81,"column":74}},"19":{"start":{"line":83,"column":4},"end":{"line":83,"column":29}},"20":{"start":{"line":86,"column":21},"end":{"line":96,"column":3}},"21":{"start":{"line":88,"column":6},"end":{"line":91,"column":9}},"22":{"start":{"line":93,"column":6},"end":{"line":93,"column":73}},"23":{"start":{"line":98,"column":2},"end":{"line":104,"column":4}},"24":{"start":{"line":108,"column":18},"end":{"line":108,"column":41}},"25":{"start":{"line":110,"column":2},"end":{"line":112,"column":3}},"26":{"start":{"line":111,"column":4},"end":{"line":111,"column":67}},"27":{"start":{"line":114,"column":2},"end":{"line":114,"column":17}}},"fnMap":{"0":{"name":"(anonymous_0)","decl":{"start":{"line":39,"column":38},"end":{"line":39,"column":39}},"loc":{"start":{"line":39,"column":56},"end":{"line":105,"column":1}},"line":39},"1":{"name":"(anonymous_1)","decl":{"start":{"line":43,"column":12},"end":{"line":43,"column":13}},"loc":{"start":{"line":43,"column":18},"end":{"line":60,"column":3}},"line":43},"2":{"name":"getStorage","decl":{"start":{"line":44,"column":19},"end":{"line":44,"column":29}},"loc":{"start":{"line":44,"column":47},"end":{"line":55,"column":5}},"line":44},"3":{"name":"(anonymous_3)","decl":{"start":{"line":62,"column":29},"end":{"line":62,"column":30}},"loc":{"start":{"line":62,"column":60},"end":{"line":78,"column":3}},"line":62},"4":{"name":"(anonymous_4)","decl":{"start":{"line":80,"column":30},"end":{"line":80,"column":31}},"loc":{"start":{"line":80,"column":42},"end":{"line":84,"column":3}},"line":80},"5":{"name":"(anonymous_5)","decl":{"start":{"line":87,"column":4},"end":{"line":87,"column":5}},"loc":{"start":{"line":87,"column":26},"end":{"line":94,"column":5}},"line":87},"6":{"name":"useAuth","decl":{"start":{"line":107,"column":16},"end":{"line":107,"column":23}},"loc":{"start":{"line":107,"column":43},"end":{"line":115,"column":1}},"line":107}},"branchMap":{"0":{"loc":{"start":{"line":50,"column":6},"end":{"line":54,"column":7}},"type":"if","locations":[{"start":{"line":50,"column":6},"end":{"line":54,"column":7}},{"start":{"line":50,"column":6},"end":{"line":54,"column":7}}],"line":50},"1":{"loc":{"start":{"line":50,"column":10},"end":{"line":50,"column":29}},"type":"binary-expr","locations":[{"start":{"line":50,"column":10},"end":{"line":50,"column":18}},{"start":{"line":50,"column":22},"end":{"line":50,"column":29}}],"line":50},"2":{"loc":{"start":{"line":110,"column":2},"end":{"line":112,"column":3}},"type":"if","locations":[{"start":{"line":110,"column":2},"end":{"line":112,"column":3}},{"start":{"line":110,"column":2},"end":{"line":112,"column":3}}],"line":110}},"s":{"0":1,"1":1,"2":0,"3":0,"4":0,"5":0,"6":0,"7":0,"8":0,"9":0,"10":0,"11":0,"12":0,"13":0,"14":0,"15":0,"16":0,"17":0,"18":0,"19":0,"20":0,"21":0,"22":0,"23":0,"24":1,"25":1,"26":0,"27":1},"f":{"0":0,"1":0,"2":0,"3":0,"4":0,"5":0,"6":1},"b":{"0":[0,0],"1":[0,0],"2":[0,1]},"_coverageSchema":"43e27e138ebf9cfc5966b082cf9a028302ed4184","hash":"36e5e73d5103a20a6fb1b7f0c8158043272893ff"}
,"C:\\Development\\Rocketseat\\Bootcamp\\GoBarber\\mobile\\src\\pages\\AppointmentCreated\\index.tsx": {"path":"C:\\Development\\Rocketseat\\Bootcamp\\GoBarber\\mobile\\src\\pages\\AppointmentCreated\\index.tsx","statementMap":{"0":{"start":{"line":20,"column":37},"end":{"line":78,"column":1}},"1":{"start":{"line":21,"column":20},"end":{"line":21,"column":35}},"2":{"start":{"line":22,"column":16},"end":{"line":22,"column":26}},"3":{"start":{"line":24,"column":19},"end":{"line":24,"column":46}},"4":{"start":{"line":26,"column":26},"end":{"line":31,"column":13}},"5":{"start":{"line":27,"column":4},"end":{"line":30,"column":7}},"6":{"start":{"line":33,"column":2},"end":{"line":49,"column":4}},"7":{"start":{"line":35,"column":26},"end":{"line":41,"column":7}},"8":{"start":{"line":36,"column":8},"end":{"line":39,"column":11}},"9":{"start":{"line":40,"column":8},"end":{"line":40,"column":20}},"10":{"start":{"line":43,"column":6},"end":{"line":43,"column":69}},"11":{"start":{"line":45,"column":6},"end":{"line":46,"column":74}},"12":{"start":{"line":46,"column":8},"end":{"line":46,"column":73}},"13":{"start":{"line":51,"column":24},"end":{"line":64,"column":12}},"14":{"start":{"line":52,"column":20},"end":{"line":58,"column":5}},"15":{"start":{"line":60,"column":33},"end":{"line":60,"column":64}},"16":{"start":{"line":61,"column":37},"end":{"line":61,"column":53}},"17":{"start":{"line":63,"column":4},"end":{"line":63,"column":64}},"18":{"start":{"line":66,"column":2},"end":{"line":77,"column":4}}},"fnMap":{"0":{"name":"(anonymous_0)","decl":{"start":{"line":20,"column":37},"end":{"line":20,"column":38}},"loc":{"start":{"line":20,"column":43},"end":{"line":78,"column":1}},"line":20},"1":{"name":"(anonymous_1)","decl":{"start":{"line":26,"column":38},"end":{"line":26,"column":39}},"loc":{"start":{"line":26,"column":44},"end":{"line":31,"column":3}},"line":26},"2":{"name":"(anonymous_2)","decl":{"start":{"line":34,"column":16},"end":{"line":34,"column":17}},"loc":{"start":{"line":34,"column":22},"end":{"line":47,"column":5}},"line":34},"3":{"name":"(anonymous_3)","decl":{"start":{"line":35,"column":26},"end":{"line":35,"column":27}},"loc":{"start":{"line":35,"column":41},"end":{"line":41,"column":7}},"line":35},"4":{"name":"(anonymous_4)","decl":{"start":{"line":45,"column":13},"end":{"line":45,"column":14}},"loc":{"start":{"line":46,"column":8},"end":{"line":46,"column":73}},"line":46},"5":{"name":"(anonymous_5)","decl":{"start":{"line":51,"column":32},"end":{"line":51,"column":33}},"loc":{"start":{"line":51,"column":38},"end":{"line":64,"column":3}},"line":51}},"branchMap":{},"s":{"0":0,"1":0,"2":0,"3":0,"4":0,"5":0,"6":0,"7":0,"8":0,"9":0,"10":0,"11":0,"12":0,"13":0,"14":0,"15":0,"16":0,"17":0,"18":0},"f":{"0":0,"1":0,"2":0,"3":0,"4":0,"5":0},"b":{},"hash":"2ab48679cf318b4139cc78f9cfba302484e8edc5"}
,"C:\\Development\\Rocketseat\\Bootcamp\\GoBarber\\mobile\\src\\pages\\CreateAppointment\\index.tsx": {"path":"C:\\Development\\Rocketseat\\Bootcamp\\GoBarber\\mobile\\src\\pages\\CreateAppointment\\index.tsx","statementMap":{"0":{"start":{"line":62,"column":36},"end":{"line":325,"column":1}},"1":{"start":{"line":63,"column":16},"end":{"line":63,"column":26}},"2":{"start":{"line":64,"column":26},"end":{"line":64,"column":53}},"3":{"start":{"line":67,"column":36},"end":{"line":67,"column":60}},"4":{"start":{"line":69,"column":50},"end":{"line":69,"column":71}},"5":{"start":{"line":71,"column":46},"end":{"line":71,"column":61}},"6":{"start":{"line":73,"column":42},"end":{"line":73,"column":62}},"7":{"start":{"line":75,"column":42},"end":{"line":75,"column":53}},"8":{"start":{"line":77,"column":42},"end":{"line":77,"column":74}},"9":{"start":{"line":79,"column":19},"end":{"line":79,"column":28}},"10":{"start":{"line":81,"column":38},"end":{"line":81,"column":53}},"11":{"start":{"line":84,"column":2},"end":{"line":88,"column":9}},"12":{"start":{"line":85,"column":4},"end":{"line":87,"column":7}},"13":{"start":{"line":86,"column":6},"end":{"line":86,"column":34}},"14":{"start":{"line":91,"column":2},"end":{"line":104,"column":39}},"15":{"start":{"line":92,"column":4},"end":{"line":103,"column":58}},"16":{"start":{"line":103,"column":26},"end":{"line":103,"column":56}},"17":{"start":{"line":107,"column":28},"end":{"line":109,"column":16}},"18":{"start":{"line":108,"column":4},"end":{"line":108,"column":24}},"19":{"start":{"line":112,"column":31},"end":{"line":117,"column":3}},"20":{"start":{"line":114,"column":6},"end":{"line":114,"column":30}},"21":{"start":{"line":120,"column":33},"end":{"line":122,"column":8}},"22":{"start":{"line":121,"column":4},"end":{"line":121,"column":41}},"23":{"start":{"line":121,"column":33},"end":{"line":121,"column":39}},"24":{"start":{"line":125,"column":27},"end":{"line":143,"column":8}},"25":{"start":{"line":126,"column":4},"end":{"line":128,"column":5}},"26":{"start":{"line":127,"column":6},"end":{"line":127,"column":31}},"27":{"start":{"line":130,"column":4},"end":{"line":142,"column":5}},"28":{"start":{"line":131,"column":6},"end":{"line":136,"column":7}},"29":{"start":{"line":132,"column":8},"end":{"line":135,"column":10}},"30":{"start":{"line":137,"column":6},"end":{"line":139,"column":7}},"31":{"start":{"line":138,"column":8},"end":{"line":138,"column":79}},"32":{"start":{"line":141,"column":6},"end":{"line":141,"column":28}},"33":{"start":{"line":146,"column":27},"end":{"line":148,"column":8}},"34":{"start":{"line":147,"column":4},"end":{"line":147,"column":26}},"35":{"start":{"line":151,"column":34},"end":{"line":178,"column":54}},"36":{"start":{"line":152,"column":4},"end":{"line":177,"column":5}},"37":{"start":{"line":153,"column":19},"end":{"line":153,"column":41}},"38":{"start":{"line":155,"column":6},"end":{"line":155,"column":34}},"39":{"start":{"line":156,"column":6},"end":{"line":156,"column":25}},"40":{"start":{"line":158,"column":6},"end":{"line":161,"column":9}},"41":{"start":{"line":163,"column":6},"end":{"line":171,"column":9}},"42":{"start":{"line":173,"column":6},"end":{"line":176,"column":8}},"43":{"start":{"line":181,"column":30},"end":{"line":191,"column":20}},"44":{"start":{"line":182,"column":4},"end":{"line":190,"column":9}},"45":{"start":{"line":183,"column":28},"end":{"line":183,"column":37}},"46":{"start":{"line":185,"column":8},"end":{"line":189,"column":10}},"47":{"start":{"line":194,"column":32},"end":{"line":204,"column":20}},"48":{"start":{"line":195,"column":4},"end":{"line":203,"column":9}},"49":{"start":{"line":196,"column":28},"end":{"line":196,"column":38}},"50":{"start":{"line":198,"column":8},"end":{"line":202,"column":10}},"51":{"start":{"line":207,"column":22},"end":{"line":223,"column":20}},"52":{"start":{"line":208,"column":18},"end":{"line":208,"column":28}},"53":{"start":{"line":210,"column":4},"end":{"line":212,"column":5}},"54":{"start":{"line":211,"column":6},"end":{"line":211,"column":68}},"55":{"start":{"line":214,"column":4},"end":{"line":216,"column":5}},"56":{"start":{"line":215,"column":6},"end":{"line":215,"column":68}},"57":{"start":{"line":218,"column":26},"end":{"line":220,"column":6}},"58":{"start":{"line":222,"column":4},"end":{"line":222,"column":25}},"59":{"start":{"line":225,"column":2},"end":{"line":324,"column":4}},"60":{"start":{"line":228,"column":35},"end":{"line":228,"column":43}},"61":{"start":{"line":243,"column":40},"end":{"line":243,"column":51}},"62":{"start":{"line":245,"column":14},"end":{"line":253,"column":34}},"63":{"start":{"line":246,"column":31},"end":{"line":246,"column":64}},"64":{"start":{"line":279,"column":16},"end":{"line":289,"column":23}},"65":{"start":{"line":284,"column":33},"end":{"line":284,"column":55}},"66":{"start":{"line":298,"column":18},"end":{"line":308,"column":25}},"67":{"start":{"line":303,"column":35},"end":{"line":303,"column":57}}},"fnMap":{"0":{"name":"(anonymous_0)","decl":{"start":{"line":62,"column":36},"end":{"line":62,"column":37}},"loc":{"start":{"line":62,"column":42},"end":{"line":325,"column":1}},"line":62},"1":{"name":"(anonymous_1)","decl":{"start":{"line":84,"column":12},"end":{"line":84,"column":13}},"loc":{"start":{"line":84,"column":18},"end":{"line":88,"column":3}},"line":84},"2":{"name":"(anonymous_2)","decl":{"start":{"line":85,"column":31},"end":{"line":85,"column":32}},"loc":{"start":{"line":85,"column":45},"end":{"line":87,"column":5}},"line":85},"3":{"name":"(anonymous_3)","decl":{"start":{"line":91,"column":12},"end":{"line":91,"column":13}},"loc":{"start":{"line":91,"column":18},"end":{"line":104,"column":3}},"line":91},"4":{"name":"(anonymous_4)","decl":{"start":{"line":103,"column":12},"end":{"line":103,"column":13}},"loc":{"start":{"line":103,"column":26},"end":{"line":103,"column":56}},"line":103},"5":{"name":"(anonymous_5)","decl":{"start":{"line":107,"column":40},"end":{"line":107,"column":41}},"loc":{"start":{"line":107,"column":46},"end":{"line":109,"column":3}},"line":107},"6":{"name":"(anonymous_6)","decl":{"start":{"line":113,"column":4},"end":{"line":113,"column":5}},"loc":{"start":{"line":113,"column":20},"end":{"line":115,"column":5}},"line":113},"7":{"name":"(anonymous_7)","decl":{"start":{"line":120,"column":45},"end":{"line":120,"column":46}},"loc":{"start":{"line":120,"column":51},"end":{"line":122,"column":3}},"line":120},"8":{"name":"(anonymous_8)","decl":{"start":{"line":121,"column":22},"end":{"line":121,"column":23}},"loc":{"start":{"line":121,"column":33},"end":{"line":121,"column":39}},"line":121},"9":{"name":"(anonymous_9)","decl":{"start":{"line":125,"column":39},"end":{"line":125,"column":40}},"loc":{"start":{"line":125,"column":79},"end":{"line":143,"column":3}},"line":125},"10":{"name":"(anonymous_10)","decl":{"start":{"line":146,"column":39},"end":{"line":146,"column":40}},"loc":{"start":{"line":146,"column":57},"end":{"line":148,"column":3}},"line":146},"11":{"name":"(anonymous_11)","decl":{"start":{"line":151,"column":46},"end":{"line":151,"column":47}},"loc":{"start":{"line":151,"column":58},"end":{"line":178,"column":3}},"line":151},"12":{"name":"(anonymous_12)","decl":{"start":{"line":181,"column":38},"end":{"line":181,"column":39}},"loc":{"start":{"line":181,"column":44},"end":{"line":191,"column":3}},"line":181},"13":{"name":"(anonymous_13)","decl":{"start":{"line":183,"column":14},"end":{"line":183,"column":15}},"loc":{"start":{"line":183,"column":28},"end":{"line":183,"column":37}},"line":183},"14":{"name":"(anonymous_14)","decl":{"start":{"line":184,"column":11},"end":{"line":184,"column":12}},"loc":{"start":{"line":184,"column":36},"end":{"line":190,"column":7}},"line":184},"15":{"name":"(anonymous_15)","decl":{"start":{"line":194,"column":40},"end":{"line":194,"column":41}},"loc":{"start":{"line":194,"column":46},"end":{"line":204,"column":3}},"line":194},"16":{"name":"(anonymous_16)","decl":{"start":{"line":196,"column":14},"end":{"line":196,"column":15}},"loc":{"start":{"line":196,"column":28},"end":{"line":196,"column":38}},"line":196},"17":{"name":"(anonymous_17)","decl":{"start":{"line":197,"column":11},"end":{"line":197,"column":12}},"loc":{"start":{"line":197,"column":36},"end":{"line":203,"column":7}},"line":197},"18":{"name":"(anonymous_18)","decl":{"start":{"line":207,"column":30},"end":{"line":207,"column":31}},"loc":{"start":{"line":207,"column":36},"end":{"line":223,"column":3}},"line":207},"19":{"name":"(anonymous_19)","decl":{"start":{"line":228,"column":29},"end":{"line":228,"column":30}},"loc":{"start":{"line":228,"column":35},"end":{"line":228,"column":43}},"line":228},"20":{"name":"(anonymous_20)","decl":{"start":{"line":243,"column":26},"end":{"line":243,"column":27}},"loc":{"start":{"line":243,"column":40},"end":{"line":243,"column":51}},"line":243},"21":{"name":"(anonymous_21)","decl":{"start":{"line":244,"column":24},"end":{"line":244,"column":25}},"loc":{"start":{"line":245,"column":14},"end":{"line":253,"column":34}},"line":245},"22":{"name":"(anonymous_22)","decl":{"start":{"line":246,"column":25},"end":{"line":246,"column":26}},"loc":{"start":{"line":246,"column":31},"end":{"line":246,"column":64}},"line":246},"23":{"name":"(anonymous_23)","decl":{"start":{"line":278,"column":39},"end":{"line":278,"column":40}},"loc":{"start":{"line":279,"column":16},"end":{"line":289,"column":23}},"line":279},"24":{"name":"(anonymous_24)","decl":{"start":{"line":284,"column":27},"end":{"line":284,"column":28}},"loc":{"start":{"line":284,"column":33},"end":{"line":284,"column":55}},"line":284},"25":{"name":"(anonymous_25)","decl":{"start":{"line":297,"column":16},"end":{"line":297,"column":17}},"loc":{"start":{"line":298,"column":18},"end":{"line":308,"column":25}},"line":298},"26":{"name":"(anonymous_26)","decl":{"start":{"line":303,"column":29},"end":{"line":303,"column":30}},"loc":{"start":{"line":303,"column":35},"end":{"line":303,"column":57}},"line":303}},"branchMap":{"0":{"loc":{"start":{"line":126,"column":4},"end":{"line":128,"column":5}},"type":"if","locations":[{"start":{"line":126,"column":4},"end":{"line":128,"column":5}},{"start":{"line":126,"column":4},"end":{"line":128,"column":5}}],"line":126},"1":{"loc":{"start":{"line":130,"column":4},"end":{"line":142,"column":5}},"type":"if","locations":[{"start":{"line":130,"column":4},"end":{"line":142,"column":5}},{"start":{"line":130,"column":4},"end":{"line":142,"column":5}}],"line":130},"2":{"loc":{"start":{"line":131,"column":6},"end":{"line":136,"column":7}},"type":"if","locations":[{"start":{"line":131,"column":6},"end":{"line":136,"column":7}},{"start":{"line":131,"column":6},"end":{"line":136,"column":7}}],"line":131},"3":{"loc":{"start":{"line":137,"column":6},"end":{"line":139,"column":7}},"type":"if","locations":[{"start":{"line":137,"column":6},"end":{"line":139,"column":7}},{"start":{"line":137,"column":6},"end":{"line":139,"column":7}}],"line":137},"4":{"loc":{"start":{"line":210,"column":4},"end":{"line":212,"column":5}},"type":"if","locations":[{"start":{"line":210,"column":4},"end":{"line":212,"column":5}},{"start":{"line":210,"column":4},"end":{"line":212,"column":5}}],"line":210},"5":{"loc":{"start":{"line":210,"column":8},"end":{"line":210,"column":57}},"type":"binary-expr","locations":[{"start":{"line":210,"column":8},"end":{"line":210,"column":32}},{"start":{"line":210,"column":36},"end":{"line":210,"column":57}}],"line":210},"6":{"loc":{"start":{"line":214,"column":4},"end":{"line":216,"column":5}},"type":"if","locations":[{"start":{"line":214,"column":4},"end":{"line":216,"column":5}},{"start":{"line":214,"column":4},"end":{"line":216,"column":5}}],"line":214},"7":{"loc":{"start":{"line":214,"column":8},"end":{"line":214,"column":55}},"type":"binary-expr","locations":[{"start":{"line":214,"column":8},"end":{"line":214,"column":30}},{"start":{"line":214,"column":34},"end":{"line":214,"column":55}}],"line":214},"8":{"loc":{"start":{"line":262,"column":11},"end":{"line":270,"column":11}},"type":"binary-expr","locations":[{"start":{"line":262,"column":11},"end":{"line":262,"column":25}},{"start":{"line":263,"column":12},"end":{"line":269,"column":14}}],"line":262}},"s":{"0":0,"1":0,"2":0,"3":0,"4":0,"5":0,"6":0,"7":0,"8":0,"9":0,"10":0,"11":0,"12":0,"13":0,"14":0,"15":0,"16":0,"17":0,"18":0,"19":0,"20":0,"21":0,"22":0,"23":0,"24":0,"25":0,"26":0,"27":0,"28":0,"29":0,"30":0,"31":0,"32":0,"33":0,"34":0,"35":0,"36":0,"37":0,"38":0,"39":0,"40":0,"41":0,"42":0,"43":0,"44":0,"45":0,"46":0,"47":0,"48":0,"49":0,"50":0,"51":0,"52":0,"53":0,"54":0,"55":0,"56":0,"57":0,"58":0,"59":0,"60":0,"61":0,"62":0,"63":0,"64":0,"65":0,"66":0,"67":0},"f":{"0":0,"1":0,"2":0,"3":0,"4":0,"5":0,"6":0,"7":0,"8":0,"9":0,"10":0,"11":0,"12":0,"13":0,"14":0,"15":0,"16":0,"17":0,"18":0,"19":0,"20":0,"21":0,"22":0,"23":0,"24":0,"25":0,"26":0},"b":{"0":[0,0],"1":[0,0],"2":[0,0],"3":[0,0],"4":[0,0],"5":[0,0],"6":[0,0],"7":[0,0],"8":[0,0]},"hash":"199ab8239157a087a77fd2a71ec7936290172d41"}
,"C:\\Development\\Rocketseat\\Bootcamp\\GoBarber\\mobile\\src\\pages\\Dashboard\\index.tsx": {"path":"C:\\Development\\Rocketseat\\Bootcamp\\GoBarber\\mobile\\src\\pages\\Dashboard\\index.tsx","statementMap":{"0":{"start":{"line":32,"column":28},"end":{"line":97,"column":1}},"1":{"start":{"line":34,"column":36},"end":{"line":34,"column":60}},"2":{"start":{"line":36,"column":19},"end":{"line":36,"column":28}},"3":{"start":{"line":38,"column":23},"end":{"line":38,"column":38}},"4":{"start":{"line":41,"column":2},"end":{"line":45,"column":9}},"5":{"start":{"line":42,"column":4},"end":{"line":44,"column":7}},"6":{"start":{"line":43,"column":6},"end":{"line":43,"column":34}},"7":{"start":{"line":48,"column":28},"end":{"line":50,"column":16}},"8":{"start":{"line":49,"column":4},"end":{"line":49,"column":24}},"9":{"start":{"line":53,"column":38},"end":{"line":58,"column":3}},"10":{"start":{"line":55,"column":6},"end":{"line":55,"column":53}},"11":{"start":{"line":60,"column":2},"end":{"line":96,"column":4}},"12":{"start":{"line":75,"column":36},"end":{"line":75,"column":47}},"13":{"start":{"line":77,"column":10},"end":{"line":92,"column":30}},"14":{"start":{"line":78,"column":27},"end":{"line":78,"column":67}}},"fnMap":{"0":{"name":"(anonymous_0)","decl":{"start":{"line":32,"column":28},"end":{"line":32,"column":29}},"loc":{"start":{"line":32,"column":34},"end":{"line":97,"column":1}},"line":32},"1":{"name":"(anonymous_1)","decl":{"start":{"line":41,"column":12},"end":{"line":41,"column":13}},"loc":{"start":{"line":41,"column":18},"end":{"line":45,"column":3}},"line":41},"2":{"name":"(anonymous_2)","decl":{"start":{"line":42,"column":31},"end":{"line":42,"column":32}},"loc":{"start":{"line":42,"column":45},"end":{"line":44,"column":5}},"line":42},"3":{"name":"(anonymous_3)","decl":{"start":{"line":48,"column":40},"end":{"line":48,"column":41}},"loc":{"start":{"line":48,"column":46},"end":{"line":50,"column":3}},"line":48},"4":{"name":"(anonymous_4)","decl":{"start":{"line":54,"column":4},"end":{"line":54,"column":5}},"loc":{"start":{"line":54,"column":29},"end":{"line":56,"column":5}},"line":54},"5":{"name":"(anonymous_5)","decl":{"start":{"line":75,"column":22},"end":{"line":75,"column":23}},"loc":{"start":{"line":75,"column":36},"end":{"line":75,"column":47}},"line":75},"6":{"name":"(anonymous_6)","decl":{"start":{"line":76,"column":20},"end":{"line":76,"column":21}},"loc":{"start":{"line":77,"column":10},"end":{"line":92,"column":30}},"line":77},"7":{"name":"(anonymous_7)","decl":{"start":{"line":78,"column":21},"end":{"line":78,"column":22}},"loc":{"start":{"line":78,"column":27},"end":{"line":78,"column":67}},"line":78}},"branchMap":{},"s":{"0":0,"1":0,"2":0,"3":0,"4":0,"5":0,"6":0,"7":0,"8":0,"9":0,"10":0,"11":0,"12":0,"13":0,"14":0},"f":{"0":0,"1":0,"2":0,"3":0,"4":0,"5":0,"6":0,"7":0},"b":{},"hash":"adb465bfbf8c50067be4224bace0b98b6ce7b457"}
,"C:\\Development\\Rocketseat\\Bootcamp\\GoBarber\\mobile\\src\\pages\\Profile\\index.tsx": {"path":"C:\\Development\\Rocketseat\\Bootcamp\\GoBarber\\mobile\\src\\pages\\Profile\\index.tsx","statementMap":{"0":{"start":{"line":45,"column":26},"end":{"line":334,"column":1}},"1":{"start":{"line":46,"column":18},"end":{"line":46,"column":43}},"2":{"start":{"line":48,"column":40},"end":{"line":48,"column":49}},"3":{"start":{"line":50,"column":28},"end":{"line":50,"column":43}},"4":{"start":{"line":52,"column":26},"end":{"line":52,"column":41}},"5":{"start":{"line":54,"column":29},"end":{"line":86,"column":27}},"6":{"start":{"line":55,"column":4},"end":{"line":85,"column":6}},"7":{"start":{"line":63,"column":8},"end":{"line":65,"column":9}},"8":{"start":{"line":64,"column":10},"end":{"line":64,"column":17}},"9":{"start":{"line":67,"column":8},"end":{"line":69,"column":9}},"10":{"start":{"line":68,"column":10},"end":{"line":68,"column":50}},"11":{"start":{"line":71,"column":21},"end":{"line":71,"column":35}},"12":{"start":{"line":73,"column":8},"end":{"line":77,"column":11}},"13":{"start":{"line":79,"column":8},"end":{"line":81,"column":63}},"14":{"start":{"line":81,"column":33},"end":{"line":81,"column":61}},"15":{"start":{"line":83,"column":8},"end":{"line":83,"column":65}},"16":{"start":{"line":88,"column":23},"end":{"line":194,"column":3}},"17":{"start":{"line":90,"column":6},"end":{"line":191,"column":7}},"18":{"start":{"line":91,"column":8},"end":{"line":91,"column":39}},"19":{"start":{"line":93,"column":23},"end":{"line":125,"column":9}},"20":{"start":{"line":100,"column":29},"end":{"line":100,"column":34}},"21":{"start":{"line":107,"column":29},"end":{"line":107,"column":34}},"22":{"start":{"line":115,"column":29},"end":{"line":115,"column":34}},"23":{"start":{"line":127,"column":8},"end":{"line":129,"column":11}},"24":{"start":{"line":137,"column":12},"end":{"line":137,"column":16}},"25":{"start":{"line":139,"column":25},"end":{"line":155,"column":9}},"26":{"start":{"line":157,"column":8},"end":{"line":162,"column":9}},"27":{"start":{"line":158,"column":10},"end":{"line":161,"column":12}},"28":{"start":{"line":164,"column":25},"end":{"line":164,"column":60}},"29":{"start":{"line":166,"column":8},"end":{"line":166,"column":34}},"30":{"start":{"line":168,"column":8},"end":{"line":168,"column":68}},"31":{"start":{"line":170,"column":8},"end":{"line":177,"column":11}},"32":{"start":{"line":179,"column":8},"end":{"line":185,"column":9}},"33":{"start":{"line":180,"column":25},"end":{"line":180,"column":49}},"34":{"start":{"line":182,"column":10},"end":{"line":182,"column":45}},"35":{"start":{"line":184,"column":10},"end":{"line":184,"column":17}},"36":{"start":{"line":187,"column":8},"end":{"line":190,"column":10}},"37":{"start":{"line":196,"column":2},"end":{"line":208,"column":4}},"38":{"start":{"line":198,"column":26},"end":{"line":201,"column":7}},"39":{"start":{"line":199,"column":8},"end":{"line":199,"column":17}},"40":{"start":{"line":200,"column":8},"end":{"line":200,"column":20}},"41":{"start":{"line":203,"column":6},"end":{"line":203,"column":69}},"42":{"start":{"line":205,"column":6},"end":{"line":206,"column":74}},"43":{"start":{"line":206,"column":8},"end":{"line":206,"column":73}},"44":{"start":{"line":210,"column":26},"end":{"line":212,"column":8}},"45":{"start":{"line":211,"column":4},"end":{"line":211,"column":18}},"46":{"start":{"line":214,"column":26},"end":{"line":216,"column":8}},"47":{"start":{"line":215,"column":4},"end":{"line":215,"column":19}},"48":{"start":{"line":218,"column":2},"end":{"line":226,"column":41}},"49":{"start":{"line":219,"column":4},"end":{"line":219,"column":61}},"50":{"start":{"line":220,"column":4},"end":{"line":220,"column":61}},"51":{"start":{"line":222,"column":4},"end":{"line":225,"column":6}},"52":{"start":{"line":223,"column":6},"end":{"line":223,"column":66}},"53":{"start":{"line":224,"column":6},"end":{"line":224,"column":66}},"54":{"start":{"line":228,"column":2},"end":{"line":333,"column":4}},"55":{"start":{"line":242,"column":43},"end":{"line":242,"column":51}},"56":{"start":{"line":311,"column":18},"end":{"line":311,"column":48}},"57":{"start":{"line":312,"column":18},"end":{"line":312,"column":35}},"58":{"start":{"line":317,"column":18},"end":{"line":317,"column":48}},"59":{"start":{"line":324,"column":44},"end":{"line":324,"column":53}}},"fnMap":{"0":{"name":"(anonymous_0)","decl":{"start":{"line":45,"column":26},"end":{"line":45,"column":27}},"loc":{"start":{"line":45,"column":32},"end":{"line":334,"column":1}},"line":45},"1":{"name":"(anonymous_1)","decl":{"start":{"line":54,"column":41},"end":{"line":54,"column":42}},"loc":{"start":{"line":54,"column":47},"end":{"line":86,"column":3}},"line":54},"2":{"name":"(anonymous_2)","decl":{"start":{"line":62,"column":6},"end":{"line":62,"column":7}},"loc":{"start":{"line":62,"column":20},"end":{"line":84,"column":7}},"line":62},"3":{"name":"(anonymous_3)","decl":{"start":{"line":81,"column":16},"end":{"line":81,"column":17}},"loc":{"start":{"line":81,"column":33},"end":{"line":81,"column":61}},"line":81},"4":{"name":"(anonymous_4)","decl":{"start":{"line":89,"column":4},"end":{"line":89,"column":5}},"loc":{"start":{"line":89,"column":30},"end":{"line":192,"column":5}},"line":89},"5":{"name":"(anonymous_5)","decl":{"start":{"line":100,"column":20},"end":{"line":100,"column":21}},"loc":{"start":{"line":100,"column":29},"end":{"line":100,"column":34}},"line":100},"6":{"name":"(anonymous_6)","decl":{"start":{"line":107,"column":20},"end":{"line":107,"column":21}},"loc":{"start":{"line":107,"column":29},"end":{"line":107,"column":34}},"line":107},"7":{"name":"(anonymous_7)","decl":{"start":{"line":115,"column":20},"end":{"line":115,"column":21}},"loc":{"start":{"line":115,"column":29},"end":{"line":115,"column":34}},"line":115},"8":{"name":"(anonymous_8)","decl":{"start":{"line":197,"column":16},"end":{"line":197,"column":17}},"loc":{"start":{"line":197,"column":22},"end":{"line":207,"column":5}},"line":197},"9":{"name":"(anonymous_9)","decl":{"start":{"line":198,"column":26},"end":{"line":198,"column":27}},"loc":{"start":{"line":198,"column":32},"end":{"line":201,"column":7}},"line":198},"10":{"name":"(anonymous_10)","decl":{"start":{"line":205,"column":13},"end":{"line":205,"column":14}},"loc":{"start":{"line":206,"column":8},"end":{"line":206,"column":73}},"line":206},"11":{"name":"(anonymous_11)","decl":{"start":{"line":210,"column":38},"end":{"line":210,"column":39}},"loc":{"start":{"line":210,"column":44},"end":{"line":212,"column":3}},"line":210},"12":{"name":"(anonymous_12)","decl":{"start":{"line":214,"column":38},"end":{"line":214,"column":39}},"loc":{"start":{"line":214,"column":44},"end":{"line":216,"column":3}},"line":214},"13":{"name":"(anonymous_13)","decl":{"start":{"line":218,"column":12},"end":{"line":218,"column":13}},"loc":{"start":{"line":218,"column":18},"end":{"line":226,"column":3}},"line":218},"14":{"name":"(anonymous_14)","decl":{"start":{"line":222,"column":11},"end":{"line":222,"column":12}},"loc":{"start":{"line":222,"column":17},"end":{"line":225,"column":5}},"line":222},"15":{"name":"(anonymous_15)","decl":{"start":{"line":242,"column":37},"end":{"line":242,"column":38}},"loc":{"start":{"line":242,"column":43},"end":{"line":242,"column":51}},"line":242},"16":{"name":"(anonymous_16)","decl":{"start":{"line":310,"column":33},"end":{"line":310,"column":34}},"loc":{"start":{"line":310,"column":39},"end":{"line":313,"column":17}},"line":310},"17":{"name":"(anonymous_17)","decl":{"start":{"line":316,"column":25},"end":{"line":316,"column":26}},"loc":{"start":{"line":316,"column":31},"end":{"line":318,"column":17}},"line":316},"18":{"name":"(anonymous_18)","decl":{"start":{"line":324,"column":38},"end":{"line":324,"column":39}},"loc":{"start":{"line":324,"column":44},"end":{"line":324,"column":53}},"line":324}},"branchMap":{"0":{"loc":{"start":{"line":63,"column":8},"end":{"line":65,"column":9}},"type":"if","locations":[{"start":{"line":63,"column":8},"end":{"line":65,"column":9}},{"start":{"line":63,"column":8},"end":{"line":65,"column":9}}],"line":63},"1":{"loc":{"start":{"line":67,"column":8},"end":{"line":69,"column":9}},"type":"if","locations":[{"start":{"line":67,"column":8},"end":{"line":69,"column":9}},{"start":{"line":67,"column":8},"end":{"line":69,"column":9}}],"line":67},"2":{"loc":{"start":{"line":140,"column":14},"end":{"line":140,"column":34}},"type":"cond-expr","locations":[{"start":{"line":140,"column":21},"end":{"line":140,"column":29}},{"start":{"line":140,"column":32},"end":{"line":140,"column":34}}],"line":140},"3":{"loc":{"start":{"line":141,"column":14},"end":{"line":141,"column":36}},"type":"cond-expr","locations":[{"start":{"line":141,"column":22},"end":{"line":141,"column":31}},{"start":{"line":141,"column":34},"end":{"line":141,"column":36}}],"line":141},"4":{"loc":{"start":{"line":142,"column":14},"end":{"line":142,"column":50}},"type":"cond-expr","locations":[{"start":{"line":142,"column":30},"end":{"line":142,"column":45}},{"start":{"line":142,"column":48},"end":{"line":142,"column":50}}],"line":142},"5":{"loc":{"start":{"line":142,"column":14},"end":{"line":142,"column":27}},"type":"binary-expr","locations":[{"start":{"line":142,"column":14},"end":{"line":142,"column":18}},{"start":{"line":142,"column":22},"end":{"line":142,"column":27}}],"line":142},"6":{"loc":{"start":{"line":143,"column":14},"end":{"line":145,"column":16}},"type":"cond-expr","locations":[{"start":{"line":144,"column":14},"end":{"line":144,"column":69}},{"start":{"line":145,"column":14},"end":{"line":145,"column":16}}],"line":143},"7":{"loc":{"start":{"line":143,"column":14},"end":{"line":143,"column":34}},"type":"binary-expr","locations":[{"start":{"line":143,"column":14},"end":{"line":143,"column":18}},{"start":{"line":143,"column":22},"end":{"line":143,"column":34}}],"line":143},"8":{"loc":{"start":{"line":146,"column":14},"end":{"line":148,"column":16}},"type":"cond-expr","locations":[{"start":{"line":147,"column":14},"end":{"line":147,"column":70}},{"start":{"line":148,"column":14},"end":{"line":148,"column":16}}],"line":146},"9":{"loc":{"start":{"line":146,"column":14},"end":{"line":146,"column":35}},"type":"binary-expr","locations":[{"start":{"line":146,"column":14},"end":{"line":146,"column":19}},{"start":{"line":146,"column":23},"end":{"line":146,"column":35}}],"line":146},"10":{"loc":{"start":{"line":149,"column":14},"end":{"line":151,"column":16}},"type":"cond-expr","locations":[{"start":{"line":150,"column":14},"end":{"line":150,"column":76}},{"start":{"line":151,"column":14},"end":{"line":151,"column":16}}],"line":149},"11":{"loc":{"start":{"line":149,"column":14},"end":{"line":149,"column":43}},"type":"binary-expr","locations":[{"start":{"line":149,"column":14},"end":{"line":149,"column":18}},{"start":{"line":149,"column":22},"end":{"line":149,"column":27}},{"start":{"line":149,"column":31},"end":{"line":149,"column":43}}],"line":149},"12":{"loc":{"start":{"line":152,"column":14},"end":{"line":154,"column":16}},"type":"cond-expr","locations":[{"start":{"line":153,"column":14},"end":{"line":153,"column":63}},{"start":{"line":154,"column":14},"end":{"line":154,"column":16}}],"line":152},"13":{"loc":{"start":{"line":157,"column":8},"end":{"line":162,"column":9}},"type":"if","locations":[{"start":{"line":157,"column":8},"end":{"line":162,"column":9}},{"start":{"line":157,"column":8},"end":{"line":162,"column":9}}],"line":157},"14":{"loc":{"start":{"line":179,"column":8},"end":{"line":185,"column":9}},"type":"if","locations":[{"start":{"line":179,"column":8},"end":{"line":185,"column":9}},{"start":{"line":179,"column":8},"end":{"line":185,"column":9}}],"line":179},"15":{"loc":{"start":{"line":232,"column":18},"end":{"line":232,"column":63}},"type":"cond-expr","locations":[{"start":{"line":232,"column":42},"end":{"line":232,"column":51}},{"start":{"line":232,"column":54},"end":{"line":232,"column":63}}],"line":232},"16":{"loc":{"start":{"line":240,"column":13},"end":{"line":252,"column":13}},"type":"binary-expr","locations":[{"start":{"line":240,"column":13},"end":{"line":240,"column":18}},{"start":{"line":241,"column":14},"end":{"line":251,"column":23}}],"line":240},"17":{"loc":{"start":{"line":323,"column":13},"end":{"line":328,"column":13}},"type":"binary-expr","locations":[{"start":{"line":323,"column":13},"end":{"line":323,"column":18}},{"start":{"line":324,"column":14},"end":{"line":327,"column":30}}],"line":323}},"s":{"0":0,"1":0,"2":0,"3":0,"4":0,"5":0,"6":0,"7":0,"8":0,"9":0,"10":0,"11":0,"12":0,"13":0,"14":0,"15":0,"16":0,"17":0,"18":0,"19":0,"20":0,"21":0,"22":0,"23":0,"24":0,"25":0,"26":0,"27":0,"28":0,"29":0,"30":0,"31":0,"32":0,"33":0,"34":0,"35":0,"36":0,"37":0,"38":0,"39":0,"40":0,"41":0,"42":0,"43":0,"44":0,"45":0,"46":0,"47":0,"48":0,"49":0,"50":0,"51":0,"52":0,"53":0,"54":0,"55":0,"56":0,"57":0,"58":0,"59":0},"f":{"0":0,"1":0,"2":0,"3":0,"4":0,"5":0,"6":0,"7":0,"8":0,"9":0,"10":0,"11":0,"12":0,"13":0,"14":0,"15":0,"16":0,"17":0,"18":0},"b":{"0":[0,0],"1":[0,0],"2":[0,0],"3":[0,0],"4":[0,0],"5":[0,0],"6":[0,0],"7":[0,0],"8":[0,0],"9":[0,0],"10":[0,0],"11":[0,0,0],"12":[0,0],"13":[0,0],"14":[0,0],"15":[0,0],"16":[0,0],"17":[0,0]},"hash":"d584f7e64e314f1c84c0ea9d8c5ae850859940fc"}
,"C:\\Development\\Rocketseat\\Bootcamp\\GoBarber\\mobile\\src\\pages\\SignIn\\index.tsx": {"path":"C:\\Development\\Rocketseat\\Bootcamp\\GoBarber\\mobile\\src\\pages\\SignIn\\index.tsx","statementMap":{"0":{"start":{"line":38,"column":25},"end":{"line":166,"column":1}},"1":{"start":{"line":39,"column":18},"end":{"line":39,"column":43}},"2":{"start":{"line":41,"column":21},"end":{"line":41,"column":36}},"3":{"start":{"line":43,"column":21},"end":{"line":43,"column":30}},"4":{"start":{"line":45,"column":26},"end":{"line":45,"column":41}},"5":{"start":{"line":47,"column":23},"end":{"line":83,"column":3}},"6":{"start":{"line":49,"column":6},"end":{"line":80,"column":7}},"7":{"start":{"line":50,"column":8},"end":{"line":50,"column":39}},"8":{"start":{"line":52,"column":23},"end":{"line":57,"column":10}},"9":{"start":{"line":59,"column":8},"end":{"line":61,"column":11}},"10":{"start":{"line":63,"column":8},"end":{"line":66,"column":11}},"11":{"start":{"line":68,"column":8},"end":{"line":74,"column":9}},"12":{"start":{"line":69,"column":25},"end":{"line":69,"column":49}},"13":{"start":{"line":71,"column":10},"end":{"line":71,"column":45}},"14":{"start":{"line":73,"column":10},"end":{"line":73,"column":17}},"15":{"start":{"line":76,"column":8},"end":{"line":79,"column":10}},"16":{"start":{"line":85,"column":26},"end":{"line":87,"column":8}},"17":{"start":{"line":86,"column":4},"end":{"line":86,"column":18}},"18":{"start":{"line":89,"column":26},"end":{"line":91,"column":8}},"19":{"start":{"line":90,"column":4},"end":{"line":90,"column":19}},"20":{"start":{"line":93,"column":2},"end":{"line":101,"column":41}},"21":{"start":{"line":94,"column":4},"end":{"line":94,"column":61}},"22":{"start":{"line":95,"column":4},"end":{"line":95,"column":61}},"23":{"start":{"line":97,"column":4},"end":{"line":100,"column":6}},"24":{"start":{"line":98,"column":6},"end":{"line":98,"column":66}},"25":{"start":{"line":99,"column":6},"end":{"line":99,"column":66}},"26":{"start":{"line":103,"column":2},"end":{"line":165,"column":4}},"27":{"start":{"line":140,"column":18},"end":{"line":140,"column":48}},"28":{"start":{"line":141,"column":18},"end":{"line":141,"column":35}},"29":{"start":{"line":146,"column":18},"end":{"line":146,"column":48}},"30":{"start":{"line":159,"column":38},"end":{"line":159,"column":67}}},"fnMap":{"0":{"name":"(anonymous_0)","decl":{"start":{"line":38,"column":25},"end":{"line":38,"column":26}},"loc":{"start":{"line":38,"column":31},"end":{"line":166,"column":1}},"line":38},"1":{"name":"(anonymous_1)","decl":{"start":{"line":48,"column":4},"end":{"line":48,"column":5}},"loc":{"start":{"line":48,"column":36},"end":{"line":81,"column":5}},"line":48},"2":{"name":"(anonymous_2)","decl":{"start":{"line":85,"column":38},"end":{"line":85,"column":39}},"loc":{"start":{"line":85,"column":44},"end":{"line":87,"column":3}},"line":85},"3":{"name":"(anonymous_3)","decl":{"start":{"line":89,"column":38},"end":{"line":89,"column":39}},"loc":{"start":{"line":89,"column":44},"end":{"line":91,"column":3}},"line":89},"4":{"name":"(anonymous_4)","decl":{"start":{"line":93,"column":12},"end":{"line":93,"column":13}},"loc":{"start":{"line":93,"column":18},"end":{"line":101,"column":3}},"line":93},"5":{"name":"(anonymous_5)","decl":{"start":{"line":97,"column":11},"end":{"line":97,"column":12}},"loc":{"start":{"line":97,"column":17},"end":{"line":100,"column":5}},"line":97},"6":{"name":"(anonymous_6)","decl":{"start":{"line":139,"column":33},"end":{"line":139,"column":34}},"loc":{"start":{"line":139,"column":39},"end":{"line":142,"column":17}},"line":139},"7":{"name":"(anonymous_7)","decl":{"start":{"line":145,"column":25},"end":{"line":145,"column":26}},"loc":{"start":{"line":145,"column":31},"end":{"line":147,"column":17}},"line":145},"8":{"name":"(anonymous_8)","decl":{"start":{"line":152,"column":37},"end":{"line":152,"column":38}},"loc":{"start":{"line":152,"column":43},"end":{"line":152,"column":45}},"line":152},"9":{"name":"(anonymous_9)","decl":{"start":{"line":159,"column":32},"end":{"line":159,"column":33}},"loc":{"start":{"line":159,"column":38},"end":{"line":159,"column":67}},"line":159}},"branchMap":{"0":{"loc":{"start":{"line":68,"column":8},"end":{"line":74,"column":9}},"type":"if","locations":[{"start":{"line":68,"column":8},"end":{"line":74,"column":9}},{"start":{"line":68,"column":8},"end":{"line":74,"column":9}}],"line":68},"1":{"loc":{"start":{"line":107,"column":18},"end":{"line":107,"column":63}},"type":"cond-expr","locations":[{"start":{"line":107,"column":42},"end":{"line":107,"column":51}},{"start":{"line":107,"column":54},"end":{"line":107,"column":63}}],"line":107},"2":{"loc":{"start":{"line":115,"column":13},"end":{"line":115,"column":48}},"type":"binary-expr","locations":[{"start":{"line":115,"column":13},"end":{"line":115,"column":18}},{"start":{"line":115,"column":22},"end":{"line":115,"column":48}}],"line":115},"3":{"loc":{"start":{"line":158,"column":7},"end":{"line":163,"column":7}},"type":"binary-expr","locations":[{"start":{"line":158,"column":7},"end":{"line":158,"column":12}},{"start":{"line":159,"column":8},"end":{"line":162,"column":24}}],"line":158}},"s":{"0":1,"1":1,"2":1,"3":1,"4":1,"5":1,"6":0,"7":0,"8":0,"9":0,"10":0,"11":0,"12":0,"13":0,"14":0,"15":0,"16":1,"17":0,"18":1,"19":0,"20":1,"21":1,"22":1,"23":1,"24":1,"25":1,"26":1,"27":0,"28":0,"29":0,"30":0},"f":{"0":1,"1":0,"2":0,"3":0,"4":1,"5":1,"6":0,"7":0,"8":0,"9":0},"b":{"0":[0,0],"1":[1,0],"2":[1,1],"3":[1,1]},"_coverageSchema":"43e27e138ebf9cfc5966b082cf9a028302ed4184","hash":"f4cc354119f0dab104f7973c96d82ca89d8fe8e5"}
,"C:\\Development\\Rocketseat\\Bootcamp\\GoBarber\\mobile\\src\\pages\\SignUp\\index.tsx": {"path":"C:\\Development\\Rocketseat\\Bootcamp\\GoBarber\\mobile\\src\\pages\\SignUp\\index.tsx","statementMap":{"0":{"start":{"line":32,"column":25},"end":{"line":167,"column":1}},"1":{"start":{"line":33,"column":18},"end":{"line":33,"column":43}},"2":{"start":{"line":35,"column":21},"end":{"line":35,"column":36}},"3":{"start":{"line":37,"column":26},"end":{"line":37,"column":41}},"4":{"start":{"line":39,"column":23},"end":{"line":80,"column":3}},"5":{"start":{"line":41,"column":6},"end":{"line":77,"column":7}},"6":{"start":{"line":42,"column":8},"end":{"line":42,"column":39}},"7":{"start":{"line":44,"column":23},"end":{"line":50,"column":10}},"8":{"start":{"line":52,"column":8},"end":{"line":54,"column":11}},"9":{"start":{"line":56,"column":8},"end":{"line":56,"column":39}},"10":{"start":{"line":58,"column":8},"end":{"line":61,"column":10}},"11":{"start":{"line":63,"column":8},"end":{"line":63,"column":28}},"12":{"start":{"line":65,"column":8},"end":{"line":71,"column":9}},"13":{"start":{"line":66,"column":25},"end":{"line":66,"column":49}},"14":{"start":{"line":68,"column":10},"end":{"line":68,"column":45}},"15":{"start":{"line":70,"column":10},"end":{"line":70,"column":17}},"16":{"start":{"line":73,"column":8},"end":{"line":76,"column":10}},"17":{"start":{"line":82,"column":26},"end":{"line":84,"column":8}},"18":{"start":{"line":83,"column":4},"end":{"line":83,"column":18}},"19":{"start":{"line":86,"column":26},"end":{"line":88,"column":8}},"20":{"start":{"line":87,"column":4},"end":{"line":87,"column":19}},"21":{"start":{"line":90,"column":2},"end":{"line":98,"column":41}},"22":{"start":{"line":91,"column":4},"end":{"line":91,"column":61}},"23":{"start":{"line":92,"column":4},"end":{"line":92,"column":61}},"24":{"start":{"line":94,"column":4},"end":{"line":97,"column":6}},"25":{"start":{"line":95,"column":6},"end":{"line":95,"column":66}},"26":{"start":{"line":96,"column":6},"end":{"line":96,"column":66}},"27":{"start":{"line":100,"column":2},"end":{"line":166,"column":4}},"28":{"start":{"line":144,"column":18},"end":{"line":144,"column":48}},"29":{"start":{"line":145,"column":18},"end":{"line":145,"column":35}},"30":{"start":{"line":150,"column":18},"end":{"line":150,"column":48}},"31":{"start":{"line":160,"column":37},"end":{"line":160,"column":56}}},"fnMap":{"0":{"name":"(anonymous_0)","decl":{"start":{"line":32,"column":25},"end":{"line":32,"column":26}},"loc":{"start":{"line":32,"column":31},"end":{"line":167,"column":1}},"line":32},"1":{"name":"(anonymous_1)","decl":{"start":{"line":40,"column":4},"end":{"line":40,"column":5}},"loc":{"start":{"line":40,"column":30},"end":{"line":78,"column":5}},"line":40},"2":{"name":"(anonymous_2)","decl":{"start":{"line":82,"column":38},"end":{"line":82,"column":39}},"loc":{"start":{"line":82,"column":44},"end":{"line":84,"column":3}},"line":82},"3":{"name":"(anonymous_3)","decl":{"start":{"line":86,"column":38},"end":{"line":86,"column":39}},"loc":{"start":{"line":86,"column":44},"end":{"line":88,"column":3}},"line":86},"4":{"name":"(anonymous_4)","decl":{"start":{"line":90,"column":12},"end":{"line":90,"column":13}},"loc":{"start":{"line":90,"column":18},"end":{"line":98,"column":3}},"line":90},"5":{"name":"(anonymous_5)","decl":{"start":{"line":94,"column":11},"end":{"line":94,"column":12}},"loc":{"start":{"line":94,"column":17},"end":{"line":97,"column":5}},"line":94},"6":{"name":"(anonymous_6)","decl":{"start":{"line":143,"column":33},"end":{"line":143,"column":34}},"loc":{"start":{"line":143,"column":39},"end":{"line":146,"column":17}},"line":143},"7":{"name":"(anonymous_7)","decl":{"start":{"line":149,"column":25},"end":{"line":149,"column":26}},"loc":{"start":{"line":149,"column":31},"end":{"line":151,"column":17}},"line":149},"8":{"name":"(anonymous_8)","decl":{"start":{"line":160,"column":31},"end":{"line":160,"column":32}},"loc":{"start":{"line":160,"column":37},"end":{"line":160,"column":56}},"line":160}},"branchMap":{"0":{"loc":{"start":{"line":65,"column":8},"end":{"line":71,"column":9}},"type":"if","locations":[{"start":{"line":65,"column":8},"end":{"line":71,"column":9}},{"start":{"line":65,"column":8},"end":{"line":71,"column":9}}],"line":65},"1":{"loc":{"start":{"line":104,"column":18},"end":{"line":104,"column":63}},"type":"cond-expr","locations":[{"start":{"line":104,"column":42},"end":{"line":104,"column":51}},{"start":{"line":104,"column":54},"end":{"line":104,"column":63}}],"line":104},"2":{"loc":{"start":{"line":112,"column":13},"end":{"line":112,"column":48}},"type":"binary-expr","locations":[{"start":{"line":112,"column":13},"end":{"line":112,"column":18}},{"start":{"line":112,"column":22},"end":{"line":112,"column":48}}],"line":112},"3":{"loc":{"start":{"line":159,"column":7},"end":{"line":164,"column":7}},"type":"binary-expr","locations":[{"start":{"line":159,"column":7},"end":{"line":159,"column":12}},{"start":{"line":160,"column":8},"end":{"line":163,"column":23}}],"line":159}},"s":{"0":0,"1":0,"2":0,"3":0,"4":0,"5":0,"6":0,"7":0,"8":0,"9":0,"10":0,"11":0,"12":0,"13":0,"14":0,"15":0,"16":0,"17":0,"18":0,"19":0,"20":0,"21":0,"22":0,"23":0,"24":0,"25":0,"26":0,"27":0,"28":0,"29":0,"30":0,"31":0},"f":{"0":0,"1":0,"2":0,"3":0,"4":0,"5":0,"6":0,"7":0,"8":0},"b":{"0":[0,0],"1":[0,0],"2":[0,0],"3":[0,0]},"hash":"ce832168aa4d9dc70af42991a6d37b2bd06e4db5"}
}
