TN:
SF:C:\Development\Rocketseat\Bootcamp\GoBarber\mobile\src\components\Button\index.tsx
FN:10,(anonymous_0)
FNF:1
FNH:1
FNDA:1,(anonymous_0)
DA:10,1
DA:11,1
LF:2
LH:2
BRF:0
BRH:0
end_of_record
TN:
SF:C:\Development\Rocketseat\Bootcamp\GoBarber\mobile\src\components\Input\index.tsx
FN:17,(anonymous_0)
FN:31,(anonymous_1)
FN:35,(anonymous_2)
FN:41,(anonymous_3)
FN:46,(anonymous_4)
FN:50,(anonymous_5)
FN:68,(anonymous_6)
FNF:7
FNH:2
FNDA:2,(anonymous_0)
FNDA:0,(anonymous_1)
FNDA:0,(anonymous_2)
FNDA:2,(anonymous_3)
FNDA:0,(anonymous_4)
FNDA:0,(anonymous_5)
FNDA:0,(anonymous_6)
DA:17,1
DA:23,2
DA:24,2
DA:26,2
DA:28,2
DA:29,2
DA:31,2
DA:32,0
DA:35,2
DA:36,0
DA:38,0
DA:41,2
DA:42,2
DA:47,0
DA:48,0
DA:51,0
DA:52,0
DA:57,2
DA:69,0
LF:19
LH:11
BRDA:19,0,0,2
BRDA:28,1,0,2
BRDA:62,2,0,0
BRDA:62,2,1,2
BRDA:62,3,0,2
BRDA:62,3,1,2
BRF:6
BRH:5
end_of_record
TN:
SF:C:\Development\Rocketseat\Bootcamp\GoBarber\mobile\src\hooks\auth.tsx
FN:39,(anonymous_0)
FN:43,(anonymous_1)
FN:44,getStorage
FN:62,(anonymous_3)
FN:80,(anonymous_4)
FN:87,(anonymous_5)
FN:107,useAuth
FNF:7
FNH:1
FNDA:0,(anonymous_0)
FNDA:0,(anonymous_1)
FNDA:0,getStorage
FNDA:0,(anonymous_3)
FNDA:0,(anonymous_4)
FNDA:0,(anonymous_5)
FNDA:1,useAuth
DA:37,1
DA:39,1
DA:40,0
DA:41,0
DA:43,0
DA:45,0
DA:50,0
DA:51,0
DA:53,0
DA:57,0
DA:59,0
DA:62,0
DA:63,0
DA:68,0
DA:70,0
DA:75,0
DA:77,0
DA:80,0
DA:81,0
DA:83,0
DA:86,0
DA:88,0
DA:93,0
DA:98,0
DA:108,1
DA:110,1
DA:111,0
DA:114,1
LF:28
LH:5
BRDA:50,0,0,0
BRDA:50,0,1,0
BRDA:50,1,0,0
BRDA:50,1,1,0
BRDA:110,2,0,0
BRDA:110,2,1,1
BRF:6
BRH:1
end_of_record
TN:
SF:C:\Development\Rocketseat\Bootcamp\GoBarber\mobile\src\pages\AppointmentCreated\index.tsx
FN:20,(anonymous_0)
FN:26,(anonymous_1)
FN:34,(anonymous_2)
FN:35,(anonymous_3)
FN:45,(anonymous_4)
FN:51,(anonymous_5)
FNF:6
FNH:0
FNDA:0,(anonymous_0)
FNDA:0,(anonymous_1)
FNDA:0,(anonymous_2)
FNDA:0,(anonymous_3)
FNDA:0,(anonymous_4)
FNDA:0,(anonymous_5)
DA:20,0
DA:21,0
DA:22,0
DA:24,0
DA:26,0
DA:27,0
DA:33,0
DA:35,0
DA:36,0
DA:40,0
DA:43,0
DA:45,0
DA:46,0
DA:51,0
DA:52,0
DA:60,0
DA:61,0
DA:63,0
DA:66,0
LF:19
LH:0
BRF:0
BRH:0
end_of_record
TN:
SF:C:\Development\Rocketseat\Bootcamp\GoBarber\mobile\src\pages\CreateAppointment\index.tsx
FN:62,(anonymous_0)
FN:84,(anonymous_1)
FN:85,(anonymous_2)
FN:91,(anonymous_3)
FN:103,(anonymous_4)
FN:107,(anonymous_5)
FN:113,(anonymous_6)
FN:120,(anonymous_7)
FN:121,(anonymous_8)
FN:125,(anonymous_9)
FN:146,(anonymous_10)
FN:151,(anonymous_11)
FN:181,(anonymous_12)
FN:183,(anonymous_13)
FN:184,(anonymous_14)
FN:194,(anonymous_15)
FN:196,(anonymous_16)
FN:197,(anonymous_17)
FN:207,(anonymous_18)
FN:228,(anonymous_19)
FN:243,(anonymous_20)
FN:244,(anonymous_21)
FN:246,(anonymous_22)
FN:278,(anonymous_23)
FN:284,(anonymous_24)
FN:297,(anonymous_25)
FN:303,(anonymous_26)
FNF:27
FNH:0
FNDA:0,(anonymous_0)
FNDA:0,(anonymous_1)
FNDA:0,(anonymous_2)
FNDA:0,(anonymous_3)
FNDA:0,(anonymous_4)
FNDA:0,(anonymous_5)
FNDA:0,(anonymous_6)
FNDA:0,(anonymous_7)
FNDA:0,(anonymous_8)
FNDA:0,(anonymous_9)
FNDA:0,(anonymous_10)
FNDA:0,(anonymous_11)
FNDA:0,(anonymous_12)
FNDA:0,(anonymous_13)
FNDA:0,(anonymous_14)
FNDA:0,(anonymous_15)
FNDA:0,(anonymous_16)
FNDA:0,(anonymous_17)
FNDA:0,(anonymous_18)
FNDA:0,(anonymous_19)
FNDA:0,(anonymous_20)
FNDA:0,(anonymous_21)
FNDA:0,(anonymous_22)
FNDA:0,(anonymous_23)
FNDA:0,(anonymous_24)
FNDA:0,(anonymous_25)
FNDA:0,(anonymous_26)
DA:62,0
DA:63,0
DA:64,0
DA:67,0
DA:69,0
DA:71,0
DA:73,0
DA:75,0
DA:77,0
DA:79,0
DA:81,0
DA:84,0
DA:85,0
DA:86,0
DA:91,0
DA:92,0
DA:103,0
DA:107,0
DA:108,0
DA:112,0
DA:114,0
DA:120,0
DA:121,0
DA:125,0
DA:126,0
DA:127,0
DA:130,0
DA:131,0
DA:132,0
DA:137,0
DA:138,0
DA:141,0
DA:146,0
DA:147,0
DA:151,0
DA:152,0
DA:153,0
DA:155,0
DA:156,0
DA:158,0
DA:163,0
DA:173,0
DA:181,0
DA:182,0
DA:183,0
DA:185,0
DA:194,0
DA:195,0
DA:196,0
DA:198,0
DA:207,0
DA:208,0
DA:210,0
DA:211,0
DA:214,0
DA:215,0
DA:218,0
DA:222,0
DA:225,0
DA:228,0
DA:243,0
DA:245,0
DA:246,0
DA:279,0
DA:284,0
DA:298,0
DA:303,0
LF:67
LH:0
BRDA:126,0,0,0
BRDA:126,0,1,0
BRDA:130,1,0,0
BRDA:130,1,1,0
BRDA:131,2,0,0
BRDA:131,2,1,0
BRDA:137,3,0,0
BRDA:137,3,1,0
BRDA:210,4,0,0
BRDA:210,4,1,0
BRDA:210,5,0,0
BRDA:210,5,1,0
BRDA:214,6,0,0
BRDA:214,6,1,0
BRDA:214,7,0,0
BRDA:214,7,1,0
BRDA:262,8,0,0
BRDA:262,8,1,0
BRF:18
BRH:0
end_of_record
TN:
SF:C:\Development\Rocketseat\Bootcamp\GoBarber\mobile\src\pages\Dashboard\index.tsx
FN:32,(anonymous_0)
FN:41,(anonymous_1)
FN:42,(anonymous_2)
FN:48,(anonymous_3)
FN:54,(anonymous_4)
FN:75,(anonymous_5)
FN:76,(anonymous_6)
FN:78,(anonymous_7)
FNF:8
FNH:0
FNDA:0,(anonymous_0)
FNDA:0,(anonymous_1)
FNDA:0,(anonymous_2)
FNDA:0,(anonymous_3)
FNDA:0,(anonymous_4)
FNDA:0,(anonymous_5)
FNDA:0,(anonymous_6)
FNDA:0,(anonymous_7)
DA:32,0
DA:34,0
DA:36,0
DA:38,0
DA:41,0
DA:42,0
DA:43,0
DA:48,0
DA:49,0
DA:53,0
DA:55,0
DA:60,0
DA:75,0
DA:77,0
DA:78,0
LF:15
LH:0
BRF:0
BRH:0
end_of_record
TN:
SF:C:\Development\Rocketseat\Bootcamp\GoBarber\mobile\src\pages\Profile\index.tsx
FN:45,(anonymous_0)
FN:54,(anonymous_1)
FN:62,(anonymous_2)
FN:81,(anonymous_3)
FN:89,(anonymous_4)
FN:100,(anonymous_5)
FN:107,(anonymous_6)
FN:115,(anonymous_7)
FN:197,(anonymous_8)
FN:198,(anonymous_9)
FN:205,(anonymous_10)
FN:210,(anonymous_11)
FN:214,(anonymous_12)
FN:218,(anonymous_13)
FN:222,(anonymous_14)
FN:242,(anonymous_15)
FN:310,(anonymous_16)
FN:316,(anonymous_17)
FN:324,(anonymous_18)
FNF:19
FNH:0
FNDA:0,(anonymous_0)
FNDA:0,(anonymous_1)
FNDA:0,(anonymous_2)
FNDA:0,(anonymous_3)
FNDA:0,(anonymous_4)
FNDA:0,(anonymous_5)
FNDA:0,(anonymous_6)
FNDA:0,(anonymous_7)
FNDA:0,(anonymous_8)
FNDA:0,(anonymous_9)
FNDA:0,(anonymous_10)
FNDA:0,(anonymous_11)
FNDA:0,(anonymous_12)
FNDA:0,(anonymous_13)
FNDA:0,(anonymous_14)
FNDA:0,(anonymous_15)
FNDA:0,(anonymous_16)
FNDA:0,(anonymous_17)
FNDA:0,(anonymous_18)
DA:45,0
DA:46,0
DA:48,0
DA:50,0
DA:52,0
DA:54,0
DA:55,0
DA:63,0
DA:64,0
DA:67,0
DA:68,0
DA:71,0
DA:73,0
DA:79,0
DA:81,0
DA:83,0
DA:88,0
DA:90,0
DA:91,0
DA:93,0
DA:100,0
DA:107,0
DA:115,0
DA:127,0
DA:137,0
DA:139,0
DA:157,0
DA:158,0
DA:164,0
DA:166,0
DA:168,0
DA:170,0
DA:179,0
DA:180,0
DA:182,0
DA:184,0
DA:187,0
DA:196,0
DA:198,0
DA:199,0
DA:200,0
DA:203,0
DA:205,0
DA:206,0
DA:210,0
DA:211,0
DA:214,0
DA:215,0
DA:218,0
DA:219,0
DA:220,0
DA:222,0
DA:223,0
DA:224,0
DA:228,0
DA:242,0
DA:311,0
DA:312,0
DA:317,0
DA:324,0
LF:60
LH:0
BRDA:63,0,0,0
BRDA:63,0,1,0
BRDA:67,1,0,0
BRDA:67,1,1,0
BRDA:140,2,0,0
BRDA:140,2,1,0
BRDA:141,3,0,0
BRDA:141,3,1,0
BRDA:142,4,0,0
BRDA:142,4,1,0
BRDA:142,5,0,0
BRDA:142,5,1,0
BRDA:143,6,0,0
BRDA:143,6,1,0
BRDA:143,7,0,0
BRDA:143,7,1,0
BRDA:146,8,0,0
BRDA:146,8,1,0
BRDA:146,9,0,0
BRDA:146,9,1,0
BRDA:149,10,0,0
BRDA:149,10,1,0
BRDA:149,11,0,0
BRDA:149,11,1,0
BRDA:149,11,2,0
BRDA:152,12,0,0
BRDA:152,12,1,0
BRDA:157,13,0,0
BRDA:157,13,1,0
BRDA:179,14,0,0
BRDA:179,14,1,0
BRDA:232,15,0,0
BRDA:232,15,1,0
BRDA:240,16,0,0
BRDA:240,16,1,0
BRDA:323,17,0,0
BRDA:323,17,1,0
BRF:37
BRH:0
end_of_record
TN:
SF:C:\Development\Rocketseat\Bootcamp\GoBarber\mobile\src\pages\SignIn\index.tsx
FN:38,(anonymous_0)
FN:48,(anonymous_1)
FN:85,(anonymous_2)
FN:89,(anonymous_3)
FN:93,(anonymous_4)
FN:97,(anonymous_5)
FN:139,(anonymous_6)
FN:145,(anonymous_7)
FN:152,(anonymous_8)
FN:159,(anonymous_9)
FNF:10
FNH:3
FNDA:1,(anonymous_0)
FNDA:0,(anonymous_1)
FNDA:0,(anonymous_2)
FNDA:0,(anonymous_3)
FNDA:1,(anonymous_4)
FNDA:1,(anonymous_5)
FNDA:0,(anonymous_6)
FNDA:0,(anonymous_7)
FNDA:0,(anonymous_8)
FNDA:0,(anonymous_9)
DA:38,1
DA:39,1
DA:41,1
DA:43,1
DA:45,1
DA:47,1
DA:49,0
DA:50,0
DA:52,0
DA:59,0
DA:63,0
DA:68,0
DA:69,0
DA:71,0
DA:73,0
DA:76,0
DA:85,1
DA:86,0
DA:89,1
DA:90,0
DA:93,1
DA:94,1
DA:95,1
DA:97,1
DA:98,1
DA:99,1
DA:103,1
DA:140,0
DA:141,0
DA:146,0
DA:159,0
LF:31
LH:15
BRDA:68,0,0,0
BRDA:68,0,1,0
BRDA:107,1,0,1
BRDA:107,1,1,0
BRDA:115,2,0,1
BRDA:115,2,1,1
BRDA:158,3,0,1
BRDA:158,3,1,1
BRF:8
BRH:5
end_of_record
TN:
SF:C:\Development\Rocketseat\Bootcamp\GoBarber\mobile\src\pages\SignUp\index.tsx
FN:32,(anonymous_0)
FN:40,(anonymous_1)
FN:82,(anonymous_2)
FN:86,(anonymous_3)
FN:90,(anonymous_4)
FN:94,(anonymous_5)
FN:143,(anonymous_6)
FN:149,(anonymous_7)
FN:160,(anonymous_8)
FNF:9
FNH:0
FNDA:0,(anonymous_0)
FNDA:0,(anonymous_1)
FNDA:0,(anonymous_2)
FNDA:0,(anonymous_3)
FNDA:0,(anonymous_4)
FNDA:0,(anonymous_5)
FNDA:0,(anonymous_6)
FNDA:0,(anonymous_7)
FNDA:0,(anonymous_8)
DA:32,0
DA:33,0
DA:35,0
DA:37,0
DA:39,0
DA:41,0
DA:42,0
DA:44,0
DA:52,0
DA:56,0
DA:58,0
DA:63,0
DA:65,0
DA:66,0
DA:68,0
DA:70,0
DA:73,0
DA:82,0
DA:83,0
DA:86,0
DA:87,0
DA:90,0
DA:91,0
DA:92,0
DA:94,0
DA:95,0
DA:96,0
DA:100,0
DA:144,0
DA:145,0
DA:150,0
DA:160,0
LF:32
LH:0
BRDA:65,0,0,0
BRDA:65,0,1,0
BRDA:104,1,0,0
BRDA:104,1,1,0
BRDA:112,2,0,0
BRDA:112,2,1,0
BRDA:159,3,0,0
BRDA:159,3,1,0
BRF:8
BRH:0
end_of_record
